<?xml version="1.0" encoding="UTF-8"?>
<testng-results skipped="0" failed="12" ignored="4" total="48" passed="32">
  <reporter-output>
    <line>
      <![CDATA[Extent Report DirectoryC:\Users\samia\IdeaProjects\FrameWorkMohammedRTea4\AliBaba\target\surefire-reports\html]]>
    </line>
    <line>
      <![CDATA[FurniturePage: ]]>
    </line>
    <line>
      <![CDATA[FurniturePage: ]]>
    </line>
    <line>
      <![CDATA[HomePage: ]]>
    </line>
    <line>
      <![CDATA[HomePage: ]]>
    </line>
    <line>
      <![CDATA[HomePage: ]]>
    </line>
    <line>
      <![CDATA[HomePage: ]]>
    </line>
    <line>
      <![CDATA[HomePage: ]]>
    </line>
    <line>
      <![CDATA[HomePage: ]]>
    </line>
    <line>
      <![CDATA[HomePage: ]]>
    </line>
  </reporter-output>
  <suite name="Alibaba" duration-ms="434082" started-at="2019-10-05T10:37:07Z" finished-at="2019-10-05T10:44:21Z">
    <groups>
    </groups>
    <test name="AliBaba" duration-ms="434082" started-at="2019-10-05T10:37:07Z" finished-at="2019-10-05T10:44:21Z">
      <class name="testusahomepage.TestUsaHomepage">
        <test-method status="PASS" signature="setupDriver(java.lang.String, java.lang.String, java.lang.String, boolean, java.lang.String, java.lang.String)[pri:0, instance:testusahomepage.TestUsaHomepage@59e84876]" name="setupDriver" is-config="true" duration-ms="5485" started-at="2019-10-05T10:43:50Z" finished-at="2019-10-05T10:43:56Z">
          <params>
            <param index="0">
              <value>
                <![CDATA[windows]]>
              </value>
            </param>
            <param index="1">
              <value>
                <![CDATA[https://www.alibaba.com/]]>
              </value>
            </param>
            <param index="2">
              <value>
                <![CDATA[chrome]]>
              </value>
            </param>
            <param index="3">
              <value>
                <![CDATA[false]]>
              </value>
            </param>
            <param index="4">
              <value>
                <![CDATA[77]]>
              </value>
            </param>
            <param index="5">
              <value>
                <![CDATA[browserstack]]>
              </value>
            </param>
          </params>
          <reporter-output>
          </reporter-output>
        </test-method> <!-- setupDriver -->
        <test-method status="PASS" signature="initialize()[pri:0, instance:testusahomepage.TestUsaHomepage@59e84876]" name="initialize" is-config="true" duration-ms="1517" started-at="2019-10-05T10:43:56Z" finished-at="2019-10-05T10:43:57Z">
          <reporter-output>
          </reporter-output>
        </test-method> <!-- initialize -->
        <test-method status="PASS" signature="startExtent(java.lang.reflect.Method)[pri:0, instance:testusahomepage.TestUsaHomepage@59e84876]" name="startExtent" is-config="true" duration-ms="0" started-at="2019-10-05T10:43:57Z" finished-at="2019-10-05T10:43:57Z">
          <params>
            <param index="0">
              <value>
                <![CDATA[public void testusahomepage.TestUsaHomepage.clickagriculture()]]>
              </value>
            </param>
          </params>
          <reporter-output>
          </reporter-output>
        </test-method> <!-- startExtent -->
        <test-method status="FAIL" signature="clickagriculture()[pri:0, instance:testusahomepage.TestUsaHomepage@59e84876]" name="clickagriculture" duration-ms="20074" started-at="2019-10-05T10:43:57Z" finished-at="2019-10-05T10:44:17Z">
          <exception class="org.openqa.selenium.NoSuchElementException">
            <message>
              <![CDATA[no such element: Unable to locate element: {"method":"xpath","selector":"//*[@id="app"]/div/div[2]/div[1]/div[3]/div/div/div[1]/div/div[1]/div/div[1]/a"}
  (Session info: chrome=77.0.3865.90)
For documentation on this error, please visit: https://www.seleniumhq.org/exceptions/no_such_element.html
Build info: version: '3.141.59', revision: 'e82be7d358', time: '2018-11-14T08:17:03'
System info: host: 'LAPTOP-5846SF8B', ip: '192.168.138.1', os.name: 'Windows 10', os.arch: 'amd64', os.version: '10.0', java.version: '1.8.0_201'
Driver info: org.openqa.selenium.chrome.ChromeDriver
Capabilities {acceptInsecureCerts: false, browserName: chrome, browserVersion: 77.0.3865.90, chrome: {chromedriverVersion: 77.0.3865.40 (f484704e052e0..., userDataDir: C:\Users\samia\AppData\Loca...}, goog:chromeOptions: {debuggerAddress: localhost:63394}, javascriptEnabled: true, networkConnectionEnabled: false, pageLoadStrategy: normal, platform: XP, platformName: XP, proxy: Proxy(), setWindowRect: true, strictFileInteractability: false, timeouts: {implicit: 0, pageLoad: 300000, script: 30000}, unhandledPromptBehavior: dismiss and notify}
Session ID: cc98ef6d85df84c525edc4de95419d21
*** Element info: {Using=xpath, value=//*[@id="app"]/div/div[2]/div[1]/div[3]/div/div/div[1]/div/div[1]/div/div[1]/a}]]>
            </message>
            <full-stacktrace>
              <![CDATA[org.openqa.selenium.NoSuchElementException: no such element: Unable to locate element: {"method":"xpath","selector":"//*[@id="app"]/div/div[2]/div[1]/div[3]/div/div/div[1]/div/div[1]/div/div[1]/a"}
  (Session info: chrome=77.0.3865.90)
For documentation on this error, please visit: https://www.seleniumhq.org/exceptions/no_such_element.html
Build info: version: '3.141.59', revision: 'e82be7d358', time: '2018-11-14T08:17:03'
System info: host: 'LAPTOP-5846SF8B', ip: '192.168.138.1', os.name: 'Windows 10', os.arch: 'amd64', os.version: '10.0', java.version: '1.8.0_201'
Driver info: org.openqa.selenium.chrome.ChromeDriver
Capabilities {acceptInsecureCerts: false, browserName: chrome, browserVersion: 77.0.3865.90, chrome: {chromedriverVersion: 77.0.3865.40 (f484704e052e0..., userDataDir: C:\Users\samia\AppData\Loca...}, goog:chromeOptions: {debuggerAddress: localhost:63394}, javascriptEnabled: true, networkConnectionEnabled: false, pageLoadStrategy: normal, platform: XP, platformName: XP, proxy: Proxy(), setWindowRect: true, strictFileInteractability: false, timeouts: {implicit: 0, pageLoad: 300000, script: 30000}, unhandledPromptBehavior: dismiss and notify}
Session ID: cc98ef6d85df84c525edc4de95419d21
*** Element info: {Using=xpath, value=//*[@id="app"]/div/div[2]/div[1]/div[3]/div/div/div[1]/div/div[1]/div/div[1]/a}
at sun.reflect.NativeConstructorAccessorImpl.newInstance0(Native Method)
at sun.reflect.NativeConstructorAccessorImpl.newInstance(NativeConstructorAccessorImpl.java:62)
at sun.reflect.DelegatingConstructorAccessorImpl.newInstance(DelegatingConstructorAccessorImpl.java:45)
at java.lang.reflect.Constructor.newInstance(Constructor.java:423)
at org.openqa.selenium.remote.http.W3CHttpResponseCodec.createException(W3CHttpResponseCodec.java:187)
at org.openqa.selenium.remote.http.W3CHttpResponseCodec.decode(W3CHttpResponseCodec.java:122)
at org.openqa.selenium.remote.http.W3CHttpResponseCodec.decode(W3CHttpResponseCodec.java:49)
at org.openqa.selenium.remote.HttpCommandExecutor.execute(HttpCommandExecutor.java:158)
at org.openqa.selenium.remote.service.DriverCommandExecutor.execute(DriverCommandExecutor.java:83)
at org.openqa.selenium.remote.RemoteWebDriver.execute(RemoteWebDriver.java:552)
at org.openqa.selenium.remote.RemoteWebDriver.findElement(RemoteWebDriver.java:323)
at org.openqa.selenium.remote.RemoteWebDriver.findElementByXPath(RemoteWebDriver.java:428)
at org.openqa.selenium.By$ByXPath.findElement(By.java:353)
at org.openqa.selenium.remote.RemoteWebDriver.findElement(RemoteWebDriver.java:315)
at org.openqa.selenium.support.pagefactory.DefaultElementLocator.findElement(DefaultElementLocator.java:69)
at org.openqa.selenium.support.pagefactory.internal.LocatingElementHandler.invoke(LocatingElementHandler.java:38)
at com.sun.proxy.$Proxy13.click(Unknown Source)
at usahomepage.USAhomepage.setAgriculture(USAhomepage.java:19)
at testusahomepage.TestUsaHomepage.clickagriculture(TestUsaHomepage.java:27)
at sun.reflect.NativeMethodAccessorImpl.invoke0(Native Method)
at sun.reflect.NativeMethodAccessorImpl.invoke(NativeMethodAccessorImpl.java:62)
at sun.reflect.DelegatingMethodAccessorImpl.invoke(DelegatingMethodAccessorImpl.java:43)
at java.lang.reflect.Method.invoke(Method.java:498)
at org.testng.internal.MethodInvocationHelper.invokeMethod(MethodInvocationHelper.java:124)
at org.testng.internal.Invoker.invokeMethod(Invoker.java:583)
at org.testng.internal.Invoker.invokeTestMethod(Invoker.java:719)
at org.testng.internal.Invoker.invokeTestMethods(Invoker.java:989)
at org.testng.internal.TestMethodWorker.invokeTestMethods(TestMethodWorker.java:125)
at org.testng.internal.TestMethodWorker.run(TestMethodWorker.java:109)
at org.testng.TestRunner.privateRun(TestRunner.java:648)
at org.testng.TestRunner.run(TestRunner.java:505)
at org.testng.SuiteRunner.runTest(SuiteRunner.java:455)
at org.testng.SuiteRunner.runSequentially(SuiteRunner.java:450)
at org.testng.SuiteRunner.privateRun(SuiteRunner.java:415)
at org.testng.SuiteRunner.run(SuiteRunner.java:364)
at org.testng.SuiteRunnerWorker.runSuite(SuiteRunnerWorker.java:52)
at org.testng.SuiteRunnerWorker.run(SuiteRunnerWorker.java:84)
at org.testng.TestNG.runSuitesSequentially(TestNG.java:1208)
at org.testng.TestNG.runSuitesLocally(TestNG.java:1137)
at org.testng.TestNG.runSuites(TestNG.java:1049)
at org.testng.TestNG.run(TestNG.java:1017)
at org.apache.maven.surefire.testng.TestNGExecutor.run(TestNGExecutor.java:283)
at org.apache.maven.surefire.testng.TestNGXmlTestSuite.execute(TestNGXmlTestSuite.java:75)
at org.apache.maven.surefire.testng.TestNGProvider.invoke(TestNGProvider.java:120)
at org.apache.maven.surefire.booter.ForkedBooter.invokeProviderInSameClassLoader(ForkedBooter.java:384)
at org.apache.maven.surefire.booter.ForkedBooter.runSuitesInProcess(ForkedBooter.java:345)
at org.apache.maven.surefire.booter.ForkedBooter.execute(ForkedBooter.java:126)
at org.apache.maven.surefire.booter.ForkedBooter.main(ForkedBooter.java:418)
]]>
            </full-stacktrace>
          </exception> <!-- org.openqa.selenium.NoSuchElementException -->
          <reporter-output>
          </reporter-output>
        </test-method> <!-- clickagriculture -->
        <test-method status="PASS" signature="afterEachTestMethod(org.testng.ITestResult)[pri:0, instance:testusahomepage.TestUsaHomepage@59e84876]" name="afterEachTestMethod" is-config="true" duration-ms="614" started-at="2019-10-05T10:44:17Z" finished-at="2019-10-05T10:44:18Z">
          <params>
            <param index="0">
              <value>
                <![CDATA[[TestResult name=clickagriculture status=FAILURE method=TestUsaHomepage.clickagriculture()[pri:0, instance:testusahomepage.TestUsaHomepage@59e84876] output={null}]]]>
              </value>
            </param>
          </params>
          <reporter-output>
          </reporter-output>
        </test-method> <!-- afterEachTestMethod -->
        <test-method status="PASS" signature="navigate()[pri:0, instance:testusahomepage.TestUsaHomepage@59e84876]" name="navigate" is-config="true" duration-ms="827" started-at="2019-10-05T10:44:18Z" finished-at="2019-10-05T10:44:19Z">
          <reporter-output>
          </reporter-output>
        </test-method> <!-- navigate -->
        <test-method status="PASS" signature="quitDriver()[pri:0, instance:testusahomepage.TestUsaHomepage@59e84876]" name="quitDriver" is-config="true" duration-ms="2642" started-at="2019-10-05T10:44:19Z" finished-at="2019-10-05T10:44:21Z">
          <reporter-output>
          </reporter-output>
        </test-method> <!-- quitDriver -->
      </class> <!-- testusahomepage.TestUsaHomepage -->
      <class name="testhomepage.TestHomePage">
        <test-method status="PASS" signature="setupDriver(java.lang.String, java.lang.String, java.lang.String, boolean, java.lang.String, java.lang.String)[pri:0, instance:testhomepage.TestHomePage@337d0578]" name="setupDriver" is-config="true" duration-ms="5502" started-at="2019-10-05T10:37:24Z" finished-at="2019-10-05T10:37:30Z">
          <params>
            <param index="0">
              <value>
                <![CDATA[windows]]>
              </value>
            </param>
            <param index="1">
              <value>
                <![CDATA[https://www.alibaba.com/]]>
              </value>
            </param>
            <param index="2">
              <value>
                <![CDATA[chrome]]>
              </value>
            </param>
            <param index="3">
              <value>
                <![CDATA[false]]>
              </value>
            </param>
            <param index="4">
              <value>
                <![CDATA[77]]>
              </value>
            </param>
            <param index="5">
              <value>
                <![CDATA[browserstack]]>
              </value>
            </param>
          </params>
          <reporter-output>
          </reporter-output>
        </test-method> <!-- setupDriver -->
        <test-method status="PASS" signature="initialize()[pri:0, instance:testhomepage.TestHomePage@337d0578]" name="initialize" is-config="true" duration-ms="1426" started-at="2019-10-05T10:37:30Z" finished-at="2019-10-05T10:37:31Z">
          <reporter-output>
          </reporter-output>
        </test-method> <!-- initialize -->
        <test-method status="PASS" signature="startExtent(java.lang.reflect.Method)[pri:0, instance:testhomepage.TestHomePage@337d0578]" name="startExtent" is-config="true" duration-ms="1" started-at="2019-10-05T10:37:31Z" finished-at="2019-10-05T10:37:31Z">
          <params>
            <param index="0">
              <value>
                <![CDATA[public void testhomepage.TestHomePage.checkSphone()]]>
              </value>
            </param>
          </params>
          <reporter-output>
          </reporter-output>
        </test-method> <!-- startExtent -->
        <test-method status="PASS" signature="checkSphone()[pri:0, instance:testhomepage.TestHomePage@337d0578]" name="checkSphone" duration-ms="167" started-at="2019-10-05T10:37:31Z" finished-at="2019-10-05T10:37:31Z">
          <reporter-output>
          </reporter-output>
        </test-method> <!-- checkSphone -->
        <test-method status="PASS" signature="navigate()[pri:0, instance:testhomepage.TestHomePage@337d0578]" name="navigate" is-config="true" duration-ms="3406" started-at="2019-10-05T10:37:31Z" finished-at="2019-10-05T10:37:35Z">
          <reporter-output>
          </reporter-output>
        </test-method> <!-- navigate -->
        <test-method status="PASS" signature="afterEachTestMethod(org.testng.ITestResult)[pri:0, instance:testhomepage.TestHomePage@337d0578]" name="afterEachTestMethod" is-config="true" duration-ms="44" started-at="2019-10-05T10:37:35Z" finished-at="2019-10-05T10:37:35Z">
          <params>
            <param index="0">
              <value>
                <![CDATA[[TestResult name=checkSphone status=SUCCESS method=TestHomePage.checkSphone()[pri:0, instance:testhomepage.TestHomePage@337d0578] output={null}]]]>
              </value>
            </param>
          </params>
          <reporter-output>
          </reporter-output>
        </test-method> <!-- afterEachTestMethod -->
        <test-method status="PASS" signature="checkUSA()[pri:0, instance:testhomepage.TestHomePage@337d0578]" name="checkUSA" duration-ms="1510" started-at="2019-10-05T10:37:35Z" finished-at="2019-10-05T10:37:36Z">
          <reporter-output>
          </reporter-output>
        </test-method> <!-- checkUSA -->
        <test-method status="PASS" signature="startExtent(java.lang.reflect.Method)[pri:0, instance:testhomepage.TestHomePage@337d0578]" name="startExtent" is-config="true" duration-ms="0" started-at="2019-10-05T10:37:35Z" finished-at="2019-10-05T10:37:35Z">
          <params>
            <param index="0">
              <value>
                <![CDATA[public void testhomepage.TestHomePage.checkUSA()]]>
              </value>
            </param>
          </params>
          <reporter-output>
          </reporter-output>
        </test-method> <!-- startExtent -->
        <test-method status="PASS" signature="navigate()[pri:0, instance:testhomepage.TestHomePage@337d0578]" name="navigate" is-config="true" duration-ms="1789" started-at="2019-10-05T10:37:36Z" finished-at="2019-10-05T10:37:38Z">
          <reporter-output>
          </reporter-output>
        </test-method> <!-- navigate -->
        <test-method status="PASS" signature="afterEachTestMethod(org.testng.ITestResult)[pri:0, instance:testhomepage.TestHomePage@337d0578]" name="afterEachTestMethod" is-config="true" duration-ms="47" started-at="2019-10-05T10:37:38Z" finished-at="2019-10-05T10:37:38Z">
          <params>
            <param index="0">
              <value>
                <![CDATA[[TestResult name=checkUSA status=SUCCESS method=TestHomePage.checkUSA()[pri:0, instance:testhomepage.TestHomePage@337d0578] output={null}]]]>
              </value>
            </param>
          </params>
          <reporter-output>
          </reporter-output>
        </test-method> <!-- afterEachTestMethod -->
        <test-method status="PASS" signature="startExtent(java.lang.reflect.Method)[pri:0, instance:testhomepage.TestHomePage@337d0578]" name="startExtent" is-config="true" duration-ms="1" started-at="2019-10-05T10:37:38Z" finished-at="2019-10-05T10:37:38Z">
          <params>
            <param index="0">
              <value>
                <![CDATA[public void testhomepage.TestHomePage.checkaboutalibaba()]]>
              </value>
            </param>
          </params>
          <reporter-output>
          </reporter-output>
        </test-method> <!-- startExtent -->
        <test-method status="PASS" signature="checkaboutalibaba()[pri:0, instance:testhomepage.TestHomePage@337d0578]" name="checkaboutalibaba" duration-ms="96" started-at="2019-10-05T10:37:38Z" finished-at="2019-10-05T10:37:38Z">
          <reporter-output>
          </reporter-output>
        </test-method> <!-- checkaboutalibaba -->
        <test-method status="PASS" signature="navigate()[pri:0, instance:testhomepage.TestHomePage@337d0578]" name="navigate" is-config="true" duration-ms="3073" started-at="2019-10-05T10:37:38Z" finished-at="2019-10-05T10:37:41Z">
          <reporter-output>
          </reporter-output>
        </test-method> <!-- navigate -->
        <test-method status="PASS" signature="afterEachTestMethod(org.testng.ITestResult)[pri:0, instance:testhomepage.TestHomePage@337d0578]" name="afterEachTestMethod" is-config="true" duration-ms="45" started-at="2019-10-05T10:37:41Z" finished-at="2019-10-05T10:37:41Z">
          <params>
            <param index="0">
              <value>
                <![CDATA[[TestResult name=checkaboutalibaba status=SUCCESS method=TestHomePage.checkaboutalibaba()[pri:0, instance:testhomepage.TestHomePage@337d0578] output={null}]]]>
              </value>
            </param>
          </params>
          <reporter-output>
          </reporter-output>
        </test-method> <!-- afterEachTestMethod -->
        <test-method status="PASS" signature="startExtent(java.lang.reflect.Method)[pri:0, instance:testhomepage.TestHomePage@337d0578]" name="startExtent" is-config="true" duration-ms="0" started-at="2019-10-05T10:37:41Z" finished-at="2019-10-05T10:37:41Z">
          <params>
            <param index="0">
              <value>
                <![CDATA[public void testhomepage.TestHomePage.checkmalaysia()]]>
              </value>
            </param>
          </params>
          <reporter-output>
          </reporter-output>
        </test-method> <!-- startExtent -->
        <test-method status="PASS" signature="checkmalaysia()[pri:0, instance:testhomepage.TestHomePage@337d0578]" name="checkmalaysia" duration-ms="3887" started-at="2019-10-05T10:37:41Z" finished-at="2019-10-05T10:37:45Z">
          <reporter-output>
          </reporter-output>
        </test-method> <!-- checkmalaysia -->
        <test-method status="PASS" signature="navigate()[pri:0, instance:testhomepage.TestHomePage@337d0578]" name="navigate" is-config="true" duration-ms="2348" started-at="2019-10-05T10:37:45Z" finished-at="2019-10-05T10:37:47Z">
          <reporter-output>
          </reporter-output>
        </test-method> <!-- navigate -->
        <test-method status="PASS" signature="afterEachTestMethod(org.testng.ITestResult)[pri:0, instance:testhomepage.TestHomePage@337d0578]" name="afterEachTestMethod" is-config="true" duration-ms="76" started-at="2019-10-05T10:37:47Z" finished-at="2019-10-05T10:37:48Z">
          <params>
            <param index="0">
              <value>
                <![CDATA[[TestResult name=checkmalaysia status=SUCCESS method=TestHomePage.checkmalaysia()[pri:0, instance:testhomepage.TestHomePage@337d0578] output={null}]]]>
              </value>
            </param>
          </params>
          <reporter-output>
          </reporter-output>
        </test-method> <!-- afterEachTestMethod -->
        <test-method status="PASS" signature="checksouthkorea()[pri:0, instance:testhomepage.TestHomePage@337d0578]" name="checksouthkorea" duration-ms="2148" started-at="2019-10-05T10:37:48Z" finished-at="2019-10-05T10:37:50Z">
          <reporter-output>
          </reporter-output>
        </test-method> <!-- checksouthkorea -->
        <test-method status="PASS" signature="startExtent(java.lang.reflect.Method)[pri:0, instance:testhomepage.TestHomePage@337d0578]" name="startExtent" is-config="true" duration-ms="0" started-at="2019-10-05T10:37:48Z" finished-at="2019-10-05T10:37:48Z">
          <params>
            <param index="0">
              <value>
                <![CDATA[public void testhomepage.TestHomePage.checksouthkorea()]]>
              </value>
            </param>
          </params>
          <reporter-output>
          </reporter-output>
        </test-method> <!-- startExtent -->
        <test-method status="PASS" signature="navigate()[pri:0, instance:testhomepage.TestHomePage@337d0578]" name="navigate" is-config="true" duration-ms="2842" started-at="2019-10-05T10:37:50Z" finished-at="2019-10-05T10:37:53Z">
          <reporter-output>
          </reporter-output>
        </test-method> <!-- navigate -->
        <test-method status="PASS" signature="afterEachTestMethod(org.testng.ITestResult)[pri:0, instance:testhomepage.TestHomePage@337d0578]" name="afterEachTestMethod" is-config="true" duration-ms="27" started-at="2019-10-05T10:37:53Z" finished-at="2019-10-05T10:37:53Z">
          <params>
            <param index="0">
              <value>
                <![CDATA[[TestResult name=checksouthkorea status=SUCCESS method=TestHomePage.checksouthkorea()[pri:0, instance:testhomepage.TestHomePage@337d0578] output={null}]]]>
              </value>
            </param>
          </params>
          <reporter-output>
          </reporter-output>
        </test-method> <!-- afterEachTestMethod -->
        <test-method status="PASS" signature="startExtent(java.lang.reflect.Method)[pri:0, instance:testhomepage.TestHomePage@337d0578]" name="startExtent" is-config="true" duration-ms="1" started-at="2019-10-05T10:37:53Z" finished-at="2019-10-05T10:37:53Z">
          <params>
            <param index="0">
              <value>
                <![CDATA[public void testhomepage.TestHomePage.checkthailand()]]>
              </value>
            </param>
          </params>
          <reporter-output>
          </reporter-output>
        </test-method> <!-- startExtent -->
        <test-method status="PASS" signature="checkthailand()[pri:0, instance:testhomepage.TestHomePage@337d0578]" name="checkthailand" duration-ms="1723" started-at="2019-10-05T10:37:53Z" finished-at="2019-10-05T10:37:54Z">
          <reporter-output>
          </reporter-output>
        </test-method> <!-- checkthailand -->
        <test-method status="PASS" signature="navigate()[pri:0, instance:testhomepage.TestHomePage@337d0578]" name="navigate" is-config="true" duration-ms="1722" started-at="2019-10-05T10:37:54Z" finished-at="2019-10-05T10:37:56Z">
          <reporter-output>
          </reporter-output>
        </test-method> <!-- navigate -->
        <test-method status="PASS" signature="afterEachTestMethod(org.testng.ITestResult)[pri:0, instance:testhomepage.TestHomePage@337d0578]" name="afterEachTestMethod" is-config="true" duration-ms="26" started-at="2019-10-05T10:37:56Z" finished-at="2019-10-05T10:37:56Z">
          <params>
            <param index="0">
              <value>
                <![CDATA[[TestResult name=checkthailand status=SUCCESS method=TestHomePage.checkthailand()[pri:0, instance:testhomepage.TestHomePage@337d0578] output={null}]]]>
              </value>
            </param>
          </params>
          <reporter-output>
          </reporter-output>
        </test-method> <!-- afterEachTestMethod -->
        <test-method status="PASS" signature="clickallcategoris()[pri:0, instance:testhomepage.TestHomePage@337d0578]" name="clickallcategoris" duration-ms="208" started-at="2019-10-05T10:37:56Z" finished-at="2019-10-05T10:37:56Z">
          <reporter-output>
          </reporter-output>
        </test-method> <!-- clickallcategoris -->
        <test-method status="PASS" signature="startExtent(java.lang.reflect.Method)[pri:0, instance:testhomepage.TestHomePage@337d0578]" name="startExtent" is-config="true" duration-ms="0" started-at="2019-10-05T10:37:56Z" finished-at="2019-10-05T10:37:56Z">
          <params>
            <param index="0">
              <value>
                <![CDATA[public void testhomepage.TestHomePage.clickallcategoris()]]>
              </value>
            </param>
          </params>
          <reporter-output>
          </reporter-output>
        </test-method> <!-- startExtent -->
        <test-method status="PASS" signature="navigate()[pri:0, instance:testhomepage.TestHomePage@337d0578]" name="navigate" is-config="true" duration-ms="3398" started-at="2019-10-05T10:37:56Z" finished-at="2019-10-05T10:38:00Z">
          <reporter-output>
          </reporter-output>
        </test-method> <!-- navigate -->
        <test-method status="PASS" signature="afterEachTestMethod(org.testng.ITestResult)[pri:0, instance:testhomepage.TestHomePage@337d0578]" name="afterEachTestMethod" is-config="true" duration-ms="29" started-at="2019-10-05T10:38:00Z" finished-at="2019-10-05T10:38:00Z">
          <params>
            <param index="0">
              <value>
                <![CDATA[[TestResult name=clickallcategoris status=SUCCESS method=TestHomePage.clickallcategoris()[pri:0, instance:testhomepage.TestHomePage@337d0578] output={null}]]]>
              </value>
            </param>
          </params>
          <reporter-output>
          </reporter-output>
        </test-method> <!-- afterEachTestMethod -->
        <test-method status="PASS" signature="startExtent(java.lang.reflect.Method)[pri:0, instance:testhomepage.TestHomePage@337d0578]" name="startExtent" is-config="true" duration-ms="0" started-at="2019-10-05T10:38:00Z" finished-at="2019-10-05T10:38:00Z">
          <params>
            <param index="0">
              <value>
                <![CDATA[public void testhomepage.TestHomePage.clickandroid()]]>
              </value>
            </param>
          </params>
          <reporter-output>
          </reporter-output>
        </test-method> <!-- startExtent -->
        <test-method status="PASS" signature="clickandroid()[pri:0, instance:testhomepage.TestHomePage@337d0578]" name="clickandroid" duration-ms="10798" started-at="2019-10-05T10:38:00Z" finished-at="2019-10-05T10:38:10Z">
          <reporter-output>
          </reporter-output>
        </test-method> <!-- clickandroid -->
        <test-method status="PASS" signature="navigate()[pri:0, instance:testhomepage.TestHomePage@337d0578]" name="navigate" is-config="true" duration-ms="4305" started-at="2019-10-05T10:38:10Z" finished-at="2019-10-05T10:38:15Z">
          <reporter-output>
          </reporter-output>
        </test-method> <!-- navigate -->
        <test-method status="PASS" signature="afterEachTestMethod(org.testng.ITestResult)[pri:0, instance:testhomepage.TestHomePage@337d0578]" name="afterEachTestMethod" is-config="true" duration-ms="31" started-at="2019-10-05T10:38:15Z" finished-at="2019-10-05T10:38:15Z">
          <params>
            <param index="0">
              <value>
                <![CDATA[[TestResult name=clickandroid status=SUCCESS method=TestHomePage.clickandroid()[pri:0, instance:testhomepage.TestHomePage@337d0578] output={null}]]]>
              </value>
            </param>
          </params>
          <reporter-output>
          </reporter-output>
        </test-method> <!-- afterEachTestMethod -->
        <test-method status="PASS" signature="startExtent(java.lang.reflect.Method)[pri:0, instance:testhomepage.TestHomePage@337d0578]" name="startExtent" is-config="true" duration-ms="1" started-at="2019-10-05T10:38:15Z" finished-at="2019-10-05T10:38:15Z">
          <params>
            <param index="0">
              <value>
                <![CDATA[public void testhomepage.TestHomePage.clickapparel()]]>
              </value>
            </param>
          </params>
          <reporter-output>
          </reporter-output>
        </test-method> <!-- startExtent -->
        <test-method status="PASS" signature="clickapparel()[pri:0, instance:testhomepage.TestHomePage@337d0578]" name="clickapparel" duration-ms="5123" started-at="2019-10-05T10:38:15Z" finished-at="2019-10-05T10:38:20Z">
          <reporter-output>
          </reporter-output>
        </test-method> <!-- clickapparel -->
        <test-method status="PASS" signature="navigate()[pri:0, instance:testhomepage.TestHomePage@337d0578]" name="navigate" is-config="true" duration-ms="4390" started-at="2019-10-05T10:38:20Z" finished-at="2019-10-05T10:38:24Z">
          <reporter-output>
          </reporter-output>
        </test-method> <!-- navigate -->
        <test-method status="PASS" signature="afterEachTestMethod(org.testng.ITestResult)[pri:0, instance:testhomepage.TestHomePage@337d0578]" name="afterEachTestMethod" is-config="true" duration-ms="41" started-at="2019-10-05T10:38:24Z" finished-at="2019-10-05T10:38:24Z">
          <params>
            <param index="0">
              <value>
                <![CDATA[[TestResult name=clickapparel status=SUCCESS method=TestHomePage.clickapparel()[pri:0, instance:testhomepage.TestHomePage@337d0578] output={null}]]]>
              </value>
            </param>
          </params>
          <reporter-output>
          </reporter-output>
        </test-method> <!-- afterEachTestMethod -->
        <test-method status="PASS" signature="clickbed()[pri:0, instance:testhomepage.TestHomePage@337d0578]" name="clickbed" duration-ms="5524" started-at="2019-10-05T10:38:24Z" finished-at="2019-10-05T10:38:30Z">
          <reporter-output>
            <line>
              <![CDATA[HomePage: ]]>
            </line>
          </reporter-output>
        </test-method> <!-- clickbed -->
        <test-method status="PASS" signature="startExtent(java.lang.reflect.Method)[pri:0, instance:testhomepage.TestHomePage@337d0578]" name="startExtent" is-config="true" duration-ms="0" started-at="2019-10-05T10:38:24Z" finished-at="2019-10-05T10:38:24Z">
          <params>
            <param index="0">
              <value>
                <![CDATA[public void testhomepage.TestHomePage.clickbed()]]>
              </value>
            </param>
          </params>
          <reporter-output>
          </reporter-output>
        </test-method> <!-- startExtent -->
        <test-method status="PASS" signature="navigate()[pri:0, instance:testhomepage.TestHomePage@337d0578]" name="navigate" is-config="true" duration-ms="2961" started-at="2019-10-05T10:38:30Z" finished-at="2019-10-05T10:38:33Z">
          <reporter-output>
          </reporter-output>
        </test-method> <!-- navigate -->
        <test-method status="PASS" signature="afterEachTestMethod(org.testng.ITestResult)[pri:0, instance:testhomepage.TestHomePage@337d0578]" name="afterEachTestMethod" is-config="true" duration-ms="26" started-at="2019-10-05T10:38:33Z" finished-at="2019-10-05T10:38:33Z">
          <params>
            <param index="0">
              <value>
                <![CDATA[[TestResult name=clickbed status=SUCCESS method=TestHomePage.clickbed()[pri:0, instance:testhomepage.TestHomePage@337d0578] output=HomePage: ]]]>
              </value>
            </param>
          </params>
          <reporter-output>
          </reporter-output>
        </test-method> <!-- afterEachTestMethod -->
        <test-method status="PASS" signature="clickblackview()[pri:0, instance:testhomepage.TestHomePage@337d0578]" name="clickblackview" duration-ms="5447" started-at="2019-10-05T10:38:33Z" finished-at="2019-10-05T10:38:38Z">
          <reporter-output>
          </reporter-output>
        </test-method> <!-- clickblackview -->
        <test-method status="PASS" signature="startExtent(java.lang.reflect.Method)[pri:0, instance:testhomepage.TestHomePage@337d0578]" name="startExtent" is-config="true" duration-ms="0" started-at="2019-10-05T10:38:33Z" finished-at="2019-10-05T10:38:33Z">
          <params>
            <param index="0">
              <value>
                <![CDATA[public void testhomepage.TestHomePage.clickblackview()]]>
              </value>
            </param>
          </params>
          <reporter-output>
          </reporter-output>
        </test-method> <!-- startExtent -->
        <test-method status="PASS" signature="navigate()[pri:0, instance:testhomepage.TestHomePage@337d0578]" name="navigate" is-config="true" duration-ms="2696" started-at="2019-10-05T10:38:38Z" finished-at="2019-10-05T10:38:41Z">
          <reporter-output>
          </reporter-output>
        </test-method> <!-- navigate -->
        <test-method status="PASS" signature="afterEachTestMethod(org.testng.ITestResult)[pri:0, instance:testhomepage.TestHomePage@337d0578]" name="afterEachTestMethod" is-config="true" duration-ms="31" started-at="2019-10-05T10:38:41Z" finished-at="2019-10-05T10:38:41Z">
          <params>
            <param index="0">
              <value>
                <![CDATA[[TestResult name=clickblackview status=SUCCESS method=TestHomePage.clickblackview()[pri:0, instance:testhomepage.TestHomePage@337d0578] output={null}]]]>
              </value>
            </param>
          </params>
          <reporter-output>
          </reporter-output>
        </test-method> <!-- afterEachTestMethod -->
        <test-method status="PASS" signature="startExtent(java.lang.reflect.Method)[pri:0, instance:testhomepage.TestHomePage@337d0578]" name="startExtent" is-config="true" duration-ms="0" started-at="2019-10-05T10:38:41Z" finished-at="2019-10-05T10:38:41Z">
          <params>
            <param index="0">
              <value>
                <![CDATA[public void testhomepage.TestHomePage.clickbuisness()]]>
              </value>
            </param>
          </params>
          <reporter-output>
          </reporter-output>
        </test-method> <!-- startExtent -->
        <test-method status="PASS" signature="clickbuisness()[pri:0, instance:testhomepage.TestHomePage@337d0578]" name="clickbuisness" duration-ms="5121" started-at="2019-10-05T10:38:41Z" finished-at="2019-10-05T10:38:46Z">
          <reporter-output>
            <line>
              <![CDATA[HomePage: ]]>
            </line>
          </reporter-output>
        </test-method> <!-- clickbuisness -->
        <test-method status="PASS" signature="navigate()[pri:0, instance:testhomepage.TestHomePage@337d0578]" name="navigate" is-config="true" duration-ms="2879" started-at="2019-10-05T10:38:46Z" finished-at="2019-10-05T10:38:49Z">
          <reporter-output>
          </reporter-output>
        </test-method> <!-- navigate -->
        <test-method status="PASS" signature="afterEachTestMethod(org.testng.ITestResult)[pri:0, instance:testhomepage.TestHomePage@337d0578]" name="afterEachTestMethod" is-config="true" duration-ms="31" started-at="2019-10-05T10:38:49Z" finished-at="2019-10-05T10:38:49Z">
          <params>
            <param index="0">
              <value>
                <![CDATA[[TestResult name=clickbuisness status=SUCCESS method=TestHomePage.clickbuisness()[pri:0, instance:testhomepage.TestHomePage@337d0578] output=HomePage: ]]]>
              </value>
            </param>
          </params>
          <reporter-output>
          </reporter-output>
        </test-method> <!-- afterEachTestMethod -->
        <test-method status="PASS" signature="startExtent(java.lang.reflect.Method)[pri:0, instance:testhomepage.TestHomePage@337d0578]" name="startExtent" is-config="true" duration-ms="0" started-at="2019-10-05T10:38:49Z" finished-at="2019-10-05T10:38:49Z">
          <params>
            <param index="0">
              <value>
                <![CDATA[public void testhomepage.TestHomePage.clickcategoris()]]>
              </value>
            </param>
          </params>
          <reporter-output>
          </reporter-output>
        </test-method> <!-- startExtent -->
        <test-method status="FAIL" signature="clickcategoris()[pri:0, instance:testhomepage.TestHomePage@337d0578]" name="clickcategoris" duration-ms="20074" started-at="2019-10-05T10:38:49Z" finished-at="2019-10-05T10:39:09Z">
          <exception class="org.openqa.selenium.NoSuchElementException">
            <message>
              <![CDATA[no such element: Unable to locate element: {"method":"xpath","selector":"//*[@id="J_SC_header"]/header[1]/div[2]/div[1]/div[1]/div[1]/h3[1]"}
  (Session info: chrome=77.0.3865.90)
For documentation on this error, please visit: https://www.seleniumhq.org/exceptions/no_such_element.html
Build info: version: '3.141.59', revision: 'e82be7d358', time: '2018-11-14T08:17:03'
System info: host: 'LAPTOP-5846SF8B', ip: '192.168.138.1', os.name: 'Windows 10', os.arch: 'amd64', os.version: '10.0', java.version: '1.8.0_201'
Driver info: org.openqa.selenium.chrome.ChromeDriver
Capabilities {acceptInsecureCerts: false, browserName: chrome, browserVersion: 77.0.3865.90, chrome: {chromedriverVersion: 77.0.3865.40 (f484704e052e0..., userDataDir: C:\Users\samia\AppData\Loca...}, goog:chromeOptions: {debuggerAddress: localhost:63143}, javascriptEnabled: true, networkConnectionEnabled: false, pageLoadStrategy: normal, platform: XP, platformName: XP, proxy: Proxy(), setWindowRect: true, strictFileInteractability: false, timeouts: {implicit: 0, pageLoad: 300000, script: 30000}, unhandledPromptBehavior: dismiss and notify}
Session ID: ba9c16047e9af720c2fb791b1af901fd
*** Element info: {Using=xpath, value=//*[@id="J_SC_header"]/header[1]/div[2]/div[1]/div[1]/div[1]/h3[1]}]]>
            </message>
            <full-stacktrace>
              <![CDATA[org.openqa.selenium.NoSuchElementException: no such element: Unable to locate element: {"method":"xpath","selector":"//*[@id="J_SC_header"]/header[1]/div[2]/div[1]/div[1]/div[1]/h3[1]"}
  (Session info: chrome=77.0.3865.90)
For documentation on this error, please visit: https://www.seleniumhq.org/exceptions/no_such_element.html
Build info: version: '3.141.59', revision: 'e82be7d358', time: '2018-11-14T08:17:03'
System info: host: 'LAPTOP-5846SF8B', ip: '192.168.138.1', os.name: 'Windows 10', os.arch: 'amd64', os.version: '10.0', java.version: '1.8.0_201'
Driver info: org.openqa.selenium.chrome.ChromeDriver
Capabilities {acceptInsecureCerts: false, browserName: chrome, browserVersion: 77.0.3865.90, chrome: {chromedriverVersion: 77.0.3865.40 (f484704e052e0..., userDataDir: C:\Users\samia\AppData\Loca...}, goog:chromeOptions: {debuggerAddress: localhost:63143}, javascriptEnabled: true, networkConnectionEnabled: false, pageLoadStrategy: normal, platform: XP, platformName: XP, proxy: Proxy(), setWindowRect: true, strictFileInteractability: false, timeouts: {implicit: 0, pageLoad: 300000, script: 30000}, unhandledPromptBehavior: dismiss and notify}
Session ID: ba9c16047e9af720c2fb791b1af901fd
*** Element info: {Using=xpath, value=//*[@id="J_SC_header"]/header[1]/div[2]/div[1]/div[1]/div[1]/h3[1]}
at sun.reflect.NativeConstructorAccessorImpl.newInstance0(Native Method)
at sun.reflect.NativeConstructorAccessorImpl.newInstance(NativeConstructorAccessorImpl.java:62)
at sun.reflect.DelegatingConstructorAccessorImpl.newInstance(DelegatingConstructorAccessorImpl.java:45)
at java.lang.reflect.Constructor.newInstance(Constructor.java:423)
at org.openqa.selenium.remote.http.W3CHttpResponseCodec.createException(W3CHttpResponseCodec.java:187)
at org.openqa.selenium.remote.http.W3CHttpResponseCodec.decode(W3CHttpResponseCodec.java:122)
at org.openqa.selenium.remote.http.W3CHttpResponseCodec.decode(W3CHttpResponseCodec.java:49)
at org.openqa.selenium.remote.HttpCommandExecutor.execute(HttpCommandExecutor.java:158)
at org.openqa.selenium.remote.service.DriverCommandExecutor.execute(DriverCommandExecutor.java:83)
at org.openqa.selenium.remote.RemoteWebDriver.execute(RemoteWebDriver.java:552)
at org.openqa.selenium.remote.RemoteWebDriver.findElement(RemoteWebDriver.java:323)
at org.openqa.selenium.remote.RemoteWebDriver.findElementByXPath(RemoteWebDriver.java:428)
at org.openqa.selenium.By$ByXPath.findElement(By.java:353)
at org.openqa.selenium.remote.RemoteWebDriver.findElement(RemoteWebDriver.java:315)
at org.openqa.selenium.support.pagefactory.DefaultElementLocator.findElement(DefaultElementLocator.java:69)
at org.openqa.selenium.support.pagefactory.internal.LocatingElementHandler.invoke(LocatingElementHandler.java:38)
at com.sun.proxy.$Proxy13.isDisplayed(Unknown Source)
at homepage.HomePage.setCategoris(HomePage.java:285)
at testhomepage.TestHomePage.clickcategoris(TestHomePage.java:30)
at sun.reflect.NativeMethodAccessorImpl.invoke0(Native Method)
at sun.reflect.NativeMethodAccessorImpl.invoke(NativeMethodAccessorImpl.java:62)
at sun.reflect.DelegatingMethodAccessorImpl.invoke(DelegatingMethodAccessorImpl.java:43)
at java.lang.reflect.Method.invoke(Method.java:498)
at org.testng.internal.MethodInvocationHelper.invokeMethod(MethodInvocationHelper.java:124)
at org.testng.internal.Invoker.invokeMethod(Invoker.java:583)
at org.testng.internal.Invoker.invokeTestMethod(Invoker.java:719)
at org.testng.internal.Invoker.invokeTestMethods(Invoker.java:989)
at org.testng.internal.TestMethodWorker.invokeTestMethods(TestMethodWorker.java:125)
at org.testng.internal.TestMethodWorker.run(TestMethodWorker.java:109)
at org.testng.TestRunner.privateRun(TestRunner.java:648)
at org.testng.TestRunner.run(TestRunner.java:505)
at org.testng.SuiteRunner.runTest(SuiteRunner.java:455)
at org.testng.SuiteRunner.runSequentially(SuiteRunner.java:450)
at org.testng.SuiteRunner.privateRun(SuiteRunner.java:415)
at org.testng.SuiteRunner.run(SuiteRunner.java:364)
at org.testng.SuiteRunnerWorker.runSuite(SuiteRunnerWorker.java:52)
at org.testng.SuiteRunnerWorker.run(SuiteRunnerWorker.java:84)
at org.testng.TestNG.runSuitesSequentially(TestNG.java:1208)
at org.testng.TestNG.runSuitesLocally(TestNG.java:1137)
at org.testng.TestNG.runSuites(TestNG.java:1049)
at org.testng.TestNG.run(TestNG.java:1017)
at org.apache.maven.surefire.testng.TestNGExecutor.run(TestNGExecutor.java:283)
at org.apache.maven.surefire.testng.TestNGXmlTestSuite.execute(TestNGXmlTestSuite.java:75)
at org.apache.maven.surefire.testng.TestNGProvider.invoke(TestNGProvider.java:120)
at org.apache.maven.surefire.booter.ForkedBooter.invokeProviderInSameClassLoader(ForkedBooter.java:384)
at org.apache.maven.surefire.booter.ForkedBooter.runSuitesInProcess(ForkedBooter.java:345)
at org.apache.maven.surefire.booter.ForkedBooter.execute(ForkedBooter.java:126)
at org.apache.maven.surefire.booter.ForkedBooter.main(ForkedBooter.java:418)
]]>
            </full-stacktrace>
          </exception> <!-- org.openqa.selenium.NoSuchElementException -->
          <reporter-output>
          </reporter-output>
        </test-method> <!-- clickcategoris -->
        <test-method status="PASS" signature="navigate()[pri:0, instance:testhomepage.TestHomePage@337d0578]" name="navigate" is-config="true" duration-ms="3374" started-at="2019-10-05T10:39:09Z" finished-at="2019-10-05T10:39:13Z">
          <reporter-output>
          </reporter-output>
        </test-method> <!-- navigate -->
        <test-method status="PASS" signature="afterEachTestMethod(org.testng.ITestResult)[pri:0, instance:testhomepage.TestHomePage@337d0578]" name="afterEachTestMethod" is-config="true" duration-ms="589" started-at="2019-10-05T10:39:13Z" finished-at="2019-10-05T10:39:13Z">
          <params>
            <param index="0">
              <value>
                <![CDATA[[TestResult name=clickcategoris status=FAILURE method=TestHomePage.clickcategoris()[pri:0, instance:testhomepage.TestHomePage@337d0578] output={null}]]]>
              </value>
            </param>
          </params>
          <reporter-output>
          </reporter-output>
        </test-method> <!-- afterEachTestMethod -->
        <test-method status="PASS" signature="startExtent(java.lang.reflect.Method)[pri:0, instance:testhomepage.TestHomePage@337d0578]" name="startExtent" is-config="true" duration-ms="1" started-at="2019-10-05T10:39:13Z" finished-at="2019-10-05T10:39:13Z">
          <params>
            <param index="0">
              <value>
                <![CDATA[public void testhomepage.TestHomePage.clickconsumer()]]>
              </value>
            </param>
          </params>
          <reporter-output>
          </reporter-output>
        </test-method> <!-- startExtent -->
        <test-method status="FAIL" signature="clickconsumer()[pri:0, instance:testhomepage.TestHomePage@337d0578]" name="clickconsumer" duration-ms="44" started-at="2019-10-05T10:39:13Z" finished-at="2019-10-05T10:39:13Z">
          <exception class="org.openqa.selenium.ElementClickInterceptedException">
            <message>
              <![CDATA[element click intercepted: Element <h3 class="header-category-trigger">...</h3> is not clickable at point (76, 20). Other element would receive the click: <a href="//www.alibaba.com/" class="J-sc-hd-i-logo sc-hd-i-logo"></a>
  (Session info: chrome=77.0.3865.90)
Build info: version: '3.141.59', revision: 'e82be7d358', time: '2018-11-14T08:17:03'
System info: host: 'LAPTOP-5846SF8B', ip: '192.168.138.1', os.name: 'Windows 10', os.arch: 'amd64', os.version: '10.0', java.version: '1.8.0_201'
Driver info: org.openqa.selenium.chrome.ChromeDriver
Capabilities {acceptInsecureCerts: false, browserName: chrome, browserVersion: 77.0.3865.90, chrome: {chromedriverVersion: 77.0.3865.40 (f484704e052e0..., userDataDir: C:\Users\samia\AppData\Loca...}, goog:chromeOptions: {debuggerAddress: localhost:63143}, javascriptEnabled: true, networkConnectionEnabled: false, pageLoadStrategy: normal, platform: XP, platformName: XP, proxy: Proxy(), setWindowRect: true, strictFileInteractability: false, timeouts: {implicit: 0, pageLoad: 300000, script: 30000}, unhandledPromptBehavior: dismiss and notify}
Session ID: ba9c16047e9af720c2fb791b1af901fd]]>
            </message>
            <full-stacktrace>
              <![CDATA[org.openqa.selenium.ElementClickInterceptedException: element click intercepted: Element <h3 class="header-category-trigger">...</h3> is not clickable at point (76, 20). Other element would receive the click: <a href="//www.alibaba.com/" class="J-sc-hd-i-logo sc-hd-i-logo"></a>
  (Session info: chrome=77.0.3865.90)
Build info: version: '3.141.59', revision: 'e82be7d358', time: '2018-11-14T08:17:03'
System info: host: 'LAPTOP-5846SF8B', ip: '192.168.138.1', os.name: 'Windows 10', os.arch: 'amd64', os.version: '10.0', java.version: '1.8.0_201'
Driver info: org.openqa.selenium.chrome.ChromeDriver
Capabilities {acceptInsecureCerts: false, browserName: chrome, browserVersion: 77.0.3865.90, chrome: {chromedriverVersion: 77.0.3865.40 (f484704e052e0..., userDataDir: C:\Users\samia\AppData\Loca...}, goog:chromeOptions: {debuggerAddress: localhost:63143}, javascriptEnabled: true, networkConnectionEnabled: false, pageLoadStrategy: normal, platform: XP, platformName: XP, proxy: Proxy(), setWindowRect: true, strictFileInteractability: false, timeouts: {implicit: 0, pageLoad: 300000, script: 30000}, unhandledPromptBehavior: dismiss and notify}
Session ID: ba9c16047e9af720c2fb791b1af901fd
at sun.reflect.NativeConstructorAccessorImpl.newInstance0(Native Method)
at sun.reflect.NativeConstructorAccessorImpl.newInstance(NativeConstructorAccessorImpl.java:62)
at sun.reflect.DelegatingConstructorAccessorImpl.newInstance(DelegatingConstructorAccessorImpl.java:45)
at java.lang.reflect.Constructor.newInstance(Constructor.java:423)
at org.openqa.selenium.remote.http.W3CHttpResponseCodec.createException(W3CHttpResponseCodec.java:187)
at org.openqa.selenium.remote.http.W3CHttpResponseCodec.decode(W3CHttpResponseCodec.java:122)
at org.openqa.selenium.remote.http.W3CHttpResponseCodec.decode(W3CHttpResponseCodec.java:49)
at org.openqa.selenium.remote.HttpCommandExecutor.execute(HttpCommandExecutor.java:158)
at org.openqa.selenium.remote.service.DriverCommandExecutor.execute(DriverCommandExecutor.java:83)
at org.openqa.selenium.remote.RemoteWebDriver.execute(RemoteWebDriver.java:552)
at org.openqa.selenium.remote.RemoteWebElement.execute(RemoteWebElement.java:285)
at org.openqa.selenium.remote.RemoteWebElement.click(RemoteWebElement.java:84)
at sun.reflect.NativeMethodAccessorImpl.invoke0(Native Method)
at sun.reflect.NativeMethodAccessorImpl.invoke(NativeMethodAccessorImpl.java:62)
at sun.reflect.DelegatingMethodAccessorImpl.invoke(DelegatingMethodAccessorImpl.java:43)
at java.lang.reflect.Method.invoke(Method.java:498)
at org.openqa.selenium.support.pagefactory.internal.LocatingElementHandler.invoke(LocatingElementHandler.java:51)
at com.sun.proxy.$Proxy13.click(Unknown Source)
at homepage.HomePage.setConsumer(HomePage.java:301)
at testhomepage.TestHomePage.clickconsumer(TestHomePage.java:136)
at sun.reflect.NativeMethodAccessorImpl.invoke0(Native Method)
at sun.reflect.NativeMethodAccessorImpl.invoke(NativeMethodAccessorImpl.java:62)
at sun.reflect.DelegatingMethodAccessorImpl.invoke(DelegatingMethodAccessorImpl.java:43)
at java.lang.reflect.Method.invoke(Method.java:498)
at org.testng.internal.MethodInvocationHelper.invokeMethod(MethodInvocationHelper.java:124)
at org.testng.internal.Invoker.invokeMethod(Invoker.java:583)
at org.testng.internal.Invoker.invokeTestMethod(Invoker.java:719)
at org.testng.internal.Invoker.invokeTestMethods(Invoker.java:989)
at org.testng.internal.TestMethodWorker.invokeTestMethods(TestMethodWorker.java:125)
at org.testng.internal.TestMethodWorker.run(TestMethodWorker.java:109)
at org.testng.TestRunner.privateRun(TestRunner.java:648)
at org.testng.TestRunner.run(TestRunner.java:505)
at org.testng.SuiteRunner.runTest(SuiteRunner.java:455)
at org.testng.SuiteRunner.runSequentially(SuiteRunner.java:450)
at org.testng.SuiteRunner.privateRun(SuiteRunner.java:415)
at org.testng.SuiteRunner.run(SuiteRunner.java:364)
at org.testng.SuiteRunnerWorker.runSuite(SuiteRunnerWorker.java:52)
at org.testng.SuiteRunnerWorker.run(SuiteRunnerWorker.java:84)
at org.testng.TestNG.runSuitesSequentially(TestNG.java:1208)
at org.testng.TestNG.runSuitesLocally(TestNG.java:1137)
at org.testng.TestNG.runSuites(TestNG.java:1049)
at org.testng.TestNG.run(TestNG.java:1017)
at org.apache.maven.surefire.testng.TestNGExecutor.run(TestNGExecutor.java:283)
at org.apache.maven.surefire.testng.TestNGXmlTestSuite.execute(TestNGXmlTestSuite.java:75)
at org.apache.maven.surefire.testng.TestNGProvider.invoke(TestNGProvider.java:120)
at org.apache.maven.surefire.booter.ForkedBooter.invokeProviderInSameClassLoader(ForkedBooter.java:384)
at org.apache.maven.surefire.booter.ForkedBooter.runSuitesInProcess(ForkedBooter.java:345)
at org.apache.maven.surefire.booter.ForkedBooter.execute(ForkedBooter.java:126)
at org.apache.maven.surefire.booter.ForkedBooter.main(ForkedBooter.java:418)
]]>
            </full-stacktrace>
          </exception> <!-- org.openqa.selenium.ElementClickInterceptedException -->
          <reporter-output>
          </reporter-output>
        </test-method> <!-- clickconsumer -->
        <test-method status="PASS" signature="navigate()[pri:0, instance:testhomepage.TestHomePage@337d0578]" name="navigate" is-config="true" duration-ms="1691" started-at="2019-10-05T10:39:13Z" finished-at="2019-10-05T10:39:15Z">
          <reporter-output>
          </reporter-output>
        </test-method> <!-- navigate -->
        <test-method status="PASS" signature="afterEachTestMethod(org.testng.ITestResult)[pri:0, instance:testhomepage.TestHomePage@337d0578]" name="afterEachTestMethod" is-config="true" duration-ms="577" started-at="2019-10-05T10:39:15Z" finished-at="2019-10-05T10:39:15Z">
          <params>
            <param index="0">
              <value>
                <![CDATA[[TestResult name=clickconsumer status=FAILURE method=TestHomePage.clickconsumer()[pri:0, instance:testhomepage.TestHomePage@337d0578] output={null}]]]>
              </value>
            </param>
          </params>
          <reporter-output>
          </reporter-output>
        </test-method> <!-- afterEachTestMethod -->
        <test-method status="PASS" signature="clickfoldedphone()[pri:0, instance:testhomepage.TestHomePage@337d0578]" name="clickfoldedphone" duration-ms="370" started-at="2019-10-05T10:39:15Z" finished-at="2019-10-05T10:39:16Z">
          <reporter-output>
          </reporter-output>
        </test-method> <!-- clickfoldedphone -->
        <test-method status="PASS" signature="startExtent(java.lang.reflect.Method)[pri:0, instance:testhomepage.TestHomePage@337d0578]" name="startExtent" is-config="true" duration-ms="0" started-at="2019-10-05T10:39:15Z" finished-at="2019-10-05T10:39:15Z">
          <params>
            <param index="0">
              <value>
                <![CDATA[public void testhomepage.TestHomePage.clickfoldedphone()]]>
              </value>
            </param>
          </params>
          <reporter-output>
          </reporter-output>
        </test-method> <!-- startExtent -->
        <test-method status="PASS" signature="navigate()[pri:0, instance:testhomepage.TestHomePage@337d0578]" name="navigate" is-config="true" duration-ms="1597" started-at="2019-10-05T10:39:16Z" finished-at="2019-10-05T10:39:17Z">
          <reporter-output>
          </reporter-output>
        </test-method> <!-- navigate -->
        <test-method status="PASS" signature="afterEachTestMethod(org.testng.ITestResult)[pri:0, instance:testhomepage.TestHomePage@337d0578]" name="afterEachTestMethod" is-config="true" duration-ms="32" started-at="2019-10-05T10:39:17Z" finished-at="2019-10-05T10:39:17Z">
          <params>
            <param index="0">
              <value>
                <![CDATA[[TestResult name=clickfoldedphone status=SUCCESS method=TestHomePage.clickfoldedphone()[pri:0, instance:testhomepage.TestHomePage@337d0578] output={null}]]]>
              </value>
            </param>
          </params>
          <reporter-output>
          </reporter-output>
        </test-method> <!-- afterEachTestMethod -->
        <test-method status="PASS" signature="startExtent(java.lang.reflect.Method)[pri:0, instance:testhomepage.TestHomePage@337d0578]" name="startExtent" is-config="true" duration-ms="0" started-at="2019-10-05T10:39:17Z" finished-at="2019-10-05T10:39:17Z">
          <params>
            <param index="0">
              <value>
                <![CDATA[public void testhomepage.TestHomePage.clickgetapp()]]>
              </value>
            </param>
          </params>
          <reporter-output>
          </reporter-output>
        </test-method> <!-- startExtent -->
        <test-method status="FAIL" signature="clickgetapp()[pri:0, instance:testhomepage.TestHomePage@337d0578]" name="clickgetapp" duration-ms="161" started-at="2019-10-05T10:39:17Z" finished-at="2019-10-05T10:39:18Z">
          <exception class="org.openqa.selenium.StaleElementReferenceException">
            <message>
              <![CDATA[stale element reference: element is not attached to the page document
  (Session info: chrome=77.0.3865.90)
For documentation on this error, please visit: https://www.seleniumhq.org/exceptions/stale_element_reference.html
Build info: version: '3.141.59', revision: 'e82be7d358', time: '2018-11-14T08:17:03'
System info: host: 'LAPTOP-5846SF8B', ip: '192.168.138.1', os.name: 'Windows 10', os.arch: 'amd64', os.version: '10.0', java.version: '1.8.0_201'
Driver info: org.openqa.selenium.chrome.ChromeDriver
Capabilities {acceptInsecureCerts: false, browserName: chrome, browserVersion: 77.0.3865.90, chrome: {chromedriverVersion: 77.0.3865.40 (f484704e052e0..., userDataDir: C:\Users\samia\AppData\Loca...}, goog:chromeOptions: {debuggerAddress: localhost:63143}, javascriptEnabled: true, networkConnectionEnabled: false, pageLoadStrategy: normal, platform: XP, platformName: XP, proxy: Proxy(), setWindowRect: true, strictFileInteractability: false, timeouts: {implicit: 0, pageLoad: 300000, script: 30000}, unhandledPromptBehavior: dismiss and notify}
Session ID: ba9c16047e9af720c2fb791b1af901fd]]>
            </message>
            <full-stacktrace>
              <![CDATA[org.openqa.selenium.StaleElementReferenceException: stale element reference: element is not attached to the page document
  (Session info: chrome=77.0.3865.90)
For documentation on this error, please visit: https://www.seleniumhq.org/exceptions/stale_element_reference.html
Build info: version: '3.141.59', revision: 'e82be7d358', time: '2018-11-14T08:17:03'
System info: host: 'LAPTOP-5846SF8B', ip: '192.168.138.1', os.name: 'Windows 10', os.arch: 'amd64', os.version: '10.0', java.version: '1.8.0_201'
Driver info: org.openqa.selenium.chrome.ChromeDriver
Capabilities {acceptInsecureCerts: false, browserName: chrome, browserVersion: 77.0.3865.90, chrome: {chromedriverVersion: 77.0.3865.40 (f484704e052e0..., userDataDir: C:\Users\samia\AppData\Loca...}, goog:chromeOptions: {debuggerAddress: localhost:63143}, javascriptEnabled: true, networkConnectionEnabled: false, pageLoadStrategy: normal, platform: XP, platformName: XP, proxy: Proxy(), setWindowRect: true, strictFileInteractability: false, timeouts: {implicit: 0, pageLoad: 300000, script: 30000}, unhandledPromptBehavior: dismiss and notify}
Session ID: ba9c16047e9af720c2fb791b1af901fd
at sun.reflect.NativeConstructorAccessorImpl.newInstance0(Native Method)
at sun.reflect.NativeConstructorAccessorImpl.newInstance(NativeConstructorAccessorImpl.java:62)
at sun.reflect.DelegatingConstructorAccessorImpl.newInstance(DelegatingConstructorAccessorImpl.java:45)
at java.lang.reflect.Constructor.newInstance(Constructor.java:423)
at org.openqa.selenium.remote.http.W3CHttpResponseCodec.createException(W3CHttpResponseCodec.java:187)
at org.openqa.selenium.remote.http.W3CHttpResponseCodec.decode(W3CHttpResponseCodec.java:122)
at org.openqa.selenium.remote.http.W3CHttpResponseCodec.decode(W3CHttpResponseCodec.java:49)
at org.openqa.selenium.remote.HttpCommandExecutor.execute(HttpCommandExecutor.java:158)
at org.openqa.selenium.remote.service.DriverCommandExecutor.execute(DriverCommandExecutor.java:83)
at org.openqa.selenium.remote.RemoteWebDriver.execute(RemoteWebDriver.java:552)
at org.openqa.selenium.remote.RemoteWebElement.execute(RemoteWebElement.java:285)
at org.openqa.selenium.remote.RemoteWebElement.click(RemoteWebElement.java:84)
at sun.reflect.NativeMethodAccessorImpl.invoke0(Native Method)
at sun.reflect.NativeMethodAccessorImpl.invoke(NativeMethodAccessorImpl.java:62)
at sun.reflect.DelegatingMethodAccessorImpl.invoke(DelegatingMethodAccessorImpl.java:43)
at java.lang.reflect.Method.invoke(Method.java:498)
at org.openqa.selenium.support.pagefactory.internal.LocatingElementHandler.invoke(LocatingElementHandler.java:51)
at com.sun.proxy.$Proxy13.click(Unknown Source)
at homepage.HomePage.setGetapp(HomePage.java:272)
at testhomepage.TestHomePage.clickgetapp(TestHomePage.java:40)
at sun.reflect.NativeMethodAccessorImpl.invoke0(Native Method)
at sun.reflect.NativeMethodAccessorImpl.invoke(NativeMethodAccessorImpl.java:62)
at sun.reflect.DelegatingMethodAccessorImpl.invoke(DelegatingMethodAccessorImpl.java:43)
at java.lang.reflect.Method.invoke(Method.java:498)
at org.testng.internal.MethodInvocationHelper.invokeMethod(MethodInvocationHelper.java:124)
at org.testng.internal.Invoker.invokeMethod(Invoker.java:583)
at org.testng.internal.Invoker.invokeTestMethod(Invoker.java:719)
at org.testng.internal.Invoker.invokeTestMethods(Invoker.java:989)
at org.testng.internal.TestMethodWorker.invokeTestMethods(TestMethodWorker.java:125)
at org.testng.internal.TestMethodWorker.run(TestMethodWorker.java:109)
at org.testng.TestRunner.privateRun(TestRunner.java:648)
at org.testng.TestRunner.run(TestRunner.java:505)
at org.testng.SuiteRunner.runTest(SuiteRunner.java:455)
at org.testng.SuiteRunner.runSequentially(SuiteRunner.java:450)
at org.testng.SuiteRunner.privateRun(SuiteRunner.java:415)
at org.testng.SuiteRunner.run(SuiteRunner.java:364)
at org.testng.SuiteRunnerWorker.runSuite(SuiteRunnerWorker.java:52)
at org.testng.SuiteRunnerWorker.run(SuiteRunnerWorker.java:84)
at org.testng.TestNG.runSuitesSequentially(TestNG.java:1208)
at org.testng.TestNG.runSuitesLocally(TestNG.java:1137)
at org.testng.TestNG.runSuites(TestNG.java:1049)
at org.testng.TestNG.run(TestNG.java:1017)
at org.apache.maven.surefire.testng.TestNGExecutor.run(TestNGExecutor.java:283)
at org.apache.maven.surefire.testng.TestNGXmlTestSuite.execute(TestNGXmlTestSuite.java:75)
at org.apache.maven.surefire.testng.TestNGProvider.invoke(TestNGProvider.java:120)
at org.apache.maven.surefire.booter.ForkedBooter.invokeProviderInSameClassLoader(ForkedBooter.java:384)
at org.apache.maven.surefire.booter.ForkedBooter.runSuitesInProcess(ForkedBooter.java:345)
at org.apache.maven.surefire.booter.ForkedBooter.execute(ForkedBooter.java:126)
at org.apache.maven.surefire.booter.ForkedBooter.main(ForkedBooter.java:418)
]]>
            </full-stacktrace>
          </exception> <!-- org.openqa.selenium.StaleElementReferenceException -->
          <reporter-output>
          </reporter-output>
        </test-method> <!-- clickgetapp -->
        <test-method status="PASS" signature="navigate()[pri:0, instance:testhomepage.TestHomePage@337d0578]" name="navigate" is-config="true" duration-ms="1528" started-at="2019-10-05T10:39:18Z" finished-at="2019-10-05T10:39:19Z">
          <reporter-output>
          </reporter-output>
        </test-method> <!-- navigate -->
        <test-method status="PASS" signature="afterEachTestMethod(org.testng.ITestResult)[pri:0, instance:testhomepage.TestHomePage@337d0578]" name="afterEachTestMethod" is-config="true" duration-ms="602" started-at="2019-10-05T10:39:19Z" finished-at="2019-10-05T10:39:20Z">
          <params>
            <param index="0">
              <value>
                <![CDATA[[TestResult name=clickgetapp status=FAILURE method=TestHomePage.clickgetapp()[pri:0, instance:testhomepage.TestHomePage@337d0578] output={null}]]]>
              </value>
            </param>
          </params>
          <reporter-output>
          </reporter-output>
        </test-method> <!-- afterEachTestMethod -->
        <test-method status="PASS" signature="clickhelpcenter()[pri:0, instance:testhomepage.TestHomePage@337d0578]" name="clickhelpcenter" duration-ms="125" started-at="2019-10-05T10:39:20Z" finished-at="2019-10-05T10:39:20Z">
          <reporter-output>
          </reporter-output>
        </test-method> <!-- clickhelpcenter -->
        <test-method status="PASS" signature="startExtent(java.lang.reflect.Method)[pri:0, instance:testhomepage.TestHomePage@337d0578]" name="startExtent" is-config="true" duration-ms="0" started-at="2019-10-05T10:39:20Z" finished-at="2019-10-05T10:39:20Z">
          <params>
            <param index="0">
              <value>
                <![CDATA[public void testhomepage.TestHomePage.clickhelpcenter()]]>
              </value>
            </param>
          </params>
          <reporter-output>
          </reporter-output>
        </test-method> <!-- startExtent -->
        <test-method status="PASS" signature="navigate()[pri:0, instance:testhomepage.TestHomePage@337d0578]" name="navigate" is-config="true" duration-ms="2347" started-at="2019-10-05T10:39:20Z" finished-at="2019-10-05T10:39:22Z">
          <reporter-output>
          </reporter-output>
        </test-method> <!-- navigate -->
        <test-method status="PASS" signature="afterEachTestMethod(org.testng.ITestResult)[pri:0, instance:testhomepage.TestHomePage@337d0578]" name="afterEachTestMethod" is-config="true" duration-ms="26" started-at="2019-10-05T10:39:22Z" finished-at="2019-10-05T10:39:22Z">
          <params>
            <param index="0">
              <value>
                <![CDATA[[TestResult name=clickhelpcenter status=SUCCESS method=TestHomePage.clickhelpcenter()[pri:0, instance:testhomepage.TestHomePage@337d0578] output={null}]]]>
              </value>
            </param>
          </params>
          <reporter-output>
          </reporter-output>
        </test-method> <!-- afterEachTestMethod -->
        <test-method status="PASS" signature="startExtent(java.lang.reflect.Method)[pri:0, instance:testhomepage.TestHomePage@337d0578]" name="startExtent" is-config="true" duration-ms="0" started-at="2019-10-05T10:39:22Z" finished-at="2019-10-05T10:39:22Z">
          <params>
            <param index="0">
              <value>
                <![CDATA[public void testhomepage.TestHomePage.clickhomekicthen()]]>
              </value>
            </param>
          </params>
          <reporter-output>
          </reporter-output>
        </test-method> <!-- startExtent -->
        <test-method status="PASS" signature="clickhomekicthen()[pri:0, instance:testhomepage.TestHomePage@337d0578]" name="clickhomekicthen" duration-ms="5175" started-at="2019-10-05T10:39:22Z" finished-at="2019-10-05T10:39:27Z">
          <reporter-output>
          </reporter-output>
        </test-method> <!-- clickhomekicthen -->
        <test-method status="PASS" signature="navigate()[pri:0, instance:testhomepage.TestHomePage@337d0578]" name="navigate" is-config="true" duration-ms="2707" started-at="2019-10-05T10:39:27Z" finished-at="2019-10-05T10:39:30Z">
          <reporter-output>
          </reporter-output>
        </test-method> <!-- navigate -->
        <test-method status="PASS" signature="afterEachTestMethod(org.testng.ITestResult)[pri:0, instance:testhomepage.TestHomePage@337d0578]" name="afterEachTestMethod" is-config="true" duration-ms="29" started-at="2019-10-05T10:39:30Z" finished-at="2019-10-05T10:39:30Z">
          <params>
            <param index="0">
              <value>
                <![CDATA[[TestResult name=clickhomekicthen status=SUCCESS method=TestHomePage.clickhomekicthen()[pri:0, instance:testhomepage.TestHomePage@337d0578] output={null}]]]>
              </value>
            </param>
          </params>
          <reporter-output>
          </reporter-output>
        </test-method> <!-- afterEachTestMethod -->
        <test-method status="PASS" signature="startExtent(java.lang.reflect.Method)[pri:0, instance:testhomepage.TestHomePage@337d0578]" name="startExtent" is-config="true" duration-ms="0" started-at="2019-10-05T10:39:30Z" finished-at="2019-10-05T10:39:30Z">
          <params>
            <param index="0">
              <value>
                <![CDATA[public void testhomepage.TestHomePage.clickhuwaweimobile()]]>
              </value>
            </param>
          </params>
          <reporter-output>
          </reporter-output>
        </test-method> <!-- startExtent -->
        <test-method status="PASS" signature="clickhuwaweimobile()[pri:0, instance:testhomepage.TestHomePage@337d0578]" name="clickhuwaweimobile" duration-ms="5443" started-at="2019-10-05T10:39:30Z" finished-at="2019-10-05T10:39:36Z">
          <reporter-output>
          </reporter-output>
        </test-method> <!-- clickhuwaweimobile -->
        <test-method status="PASS" signature="navigate()[pri:0, instance:testhomepage.TestHomePage@337d0578]" name="navigate" is-config="true" duration-ms="2466" started-at="2019-10-05T10:39:36Z" finished-at="2019-10-05T10:39:38Z">
          <reporter-output>
          </reporter-output>
        </test-method> <!-- navigate -->
        <test-method status="PASS" signature="afterEachTestMethod(org.testng.ITestResult)[pri:0, instance:testhomepage.TestHomePage@337d0578]" name="afterEachTestMethod" is-config="true" duration-ms="27" started-at="2019-10-05T10:39:38Z" finished-at="2019-10-05T10:39:38Z">
          <params>
            <param index="0">
              <value>
                <![CDATA[[TestResult name=clickhuwaweimobile status=SUCCESS method=TestHomePage.clickhuwaweimobile()[pri:0, instance:testhomepage.TestHomePage@337d0578] output={null}]]]>
              </value>
            </param>
          </params>
          <reporter-output>
          </reporter-output>
        </test-method> <!-- afterEachTestMethod -->
        <test-method status="PASS" signature="clickindia()[pri:0, instance:testhomepage.TestHomePage@337d0578]" name="clickindia" duration-ms="7751" started-at="2019-10-05T10:39:38Z" finished-at="2019-10-05T10:39:46Z">
          <reporter-output>
          </reporter-output>
        </test-method> <!-- clickindia -->
        <test-method status="PASS" signature="startExtent(java.lang.reflect.Method)[pri:0, instance:testhomepage.TestHomePage@337d0578]" name="startExtent" is-config="true" duration-ms="0" started-at="2019-10-05T10:39:38Z" finished-at="2019-10-05T10:39:38Z">
          <params>
            <param index="0">
              <value>
                <![CDATA[public void testhomepage.TestHomePage.clickindia()]]>
              </value>
            </param>
          </params>
          <reporter-output>
          </reporter-output>
        </test-method> <!-- startExtent -->
        <test-method status="PASS" signature="navigate()[pri:0, instance:testhomepage.TestHomePage@337d0578]" name="navigate" is-config="true" duration-ms="2255" started-at="2019-10-05T10:39:46Z" finished-at="2019-10-05T10:39:48Z">
          <reporter-output>
          </reporter-output>
        </test-method> <!-- navigate -->
        <test-method status="PASS" signature="afterEachTestMethod(org.testng.ITestResult)[pri:0, instance:testhomepage.TestHomePage@337d0578]" name="afterEachTestMethod" is-config="true" duration-ms="36" started-at="2019-10-05T10:39:48Z" finished-at="2019-10-05T10:39:48Z">
          <params>
            <param index="0">
              <value>
                <![CDATA[[TestResult name=clickindia status=SUCCESS method=TestHomePage.clickindia()[pri:0, instance:testhomepage.TestHomePage@337d0578] output={null}]]]>
              </value>
            </param>
          </params>
          <reporter-output>
          </reporter-output>
        </test-method> <!-- afterEachTestMethod -->
        <test-method status="PASS" signature="startExtent(java.lang.reflect.Method)[pri:0, instance:testhomepage.TestHomePage@337d0578]" name="startExtent" is-config="true" duration-ms="0" started-at="2019-10-05T10:39:48Z" finished-at="2019-10-05T10:39:48Z">
          <params>
            <param index="0">
              <value>
                <![CDATA[public void testhomepage.TestHomePage.clickiphone()]]>
              </value>
            </param>
          </params>
          <reporter-output>
          </reporter-output>
        </test-method> <!-- startExtent -->
        <test-method status="PASS" signature="clickiphone()[pri:0, instance:testhomepage.TestHomePage@337d0578]" name="clickiphone" duration-ms="5378" started-at="2019-10-05T10:39:48Z" finished-at="2019-10-05T10:39:53Z">
          <reporter-output>
          </reporter-output>
        </test-method> <!-- clickiphone -->
        <test-method status="PASS" signature="navigate()[pri:0, instance:testhomepage.TestHomePage@337d0578]" name="navigate" is-config="true" duration-ms="2439" started-at="2019-10-05T10:39:53Z" finished-at="2019-10-05T10:39:56Z">
          <reporter-output>
          </reporter-output>
        </test-method> <!-- navigate -->
        <test-method status="PASS" signature="afterEachTestMethod(org.testng.ITestResult)[pri:0, instance:testhomepage.TestHomePage@337d0578]" name="afterEachTestMethod" is-config="true" duration-ms="27" started-at="2019-10-05T10:39:56Z" finished-at="2019-10-05T10:39:56Z">
          <params>
            <param index="0">
              <value>
                <![CDATA[[TestResult name=clickiphone status=SUCCESS method=TestHomePage.clickiphone()[pri:0, instance:testhomepage.TestHomePage@337d0578] output={null}]]]>
              </value>
            </param>
          </params>
          <reporter-output>
          </reporter-output>
        </test-method> <!-- afterEachTestMethod -->
        <test-method status="FAIL" signature="clickjacket()[pri:0, instance:testhomepage.TestHomePage@337d0578]" name="clickjacket" duration-ms="20057" started-at="2019-10-05T10:39:56Z" finished-at="2019-10-05T10:40:16Z">
          <exception class="org.openqa.selenium.NoSuchElementException">
            <message>
              <![CDATA[no such element: Unable to locate element: {"method":"xpath","selector":"//*[@id="J_SC_header"]/header[1]/div[2]/div[2]/div[1]/div[1]/form[1]/div[2]/input[1]"}
  (Session info: chrome=77.0.3865.90)
For documentation on this error, please visit: https://www.seleniumhq.org/exceptions/no_such_element.html
Build info: version: '3.141.59', revision: 'e82be7d358', time: '2018-11-14T08:17:03'
System info: host: 'LAPTOP-5846SF8B', ip: '192.168.138.1', os.name: 'Windows 10', os.arch: 'amd64', os.version: '10.0', java.version: '1.8.0_201'
Driver info: org.openqa.selenium.chrome.ChromeDriver
Capabilities {acceptInsecureCerts: false, browserName: chrome, browserVersion: 77.0.3865.90, chrome: {chromedriverVersion: 77.0.3865.40 (f484704e052e0..., userDataDir: C:\Users\samia\AppData\Loca...}, goog:chromeOptions: {debuggerAddress: localhost:63143}, javascriptEnabled: true, networkConnectionEnabled: false, pageLoadStrategy: normal, platform: XP, platformName: XP, proxy: Proxy(), setWindowRect: true, strictFileInteractability: false, timeouts: {implicit: 0, pageLoad: 300000, script: 30000}, unhandledPromptBehavior: dismiss and notify}
Session ID: ba9c16047e9af720c2fb791b1af901fd
*** Element info: {Using=xpath, value=//*[@id="J_SC_header"]/header[1]/div[2]/div[2]/div[1]/div[1]/form[1]/div[2]/input[1]}]]>
            </message>
            <full-stacktrace>
              <![CDATA[org.openqa.selenium.NoSuchElementException: no such element: Unable to locate element: {"method":"xpath","selector":"//*[@id="J_SC_header"]/header[1]/div[2]/div[2]/div[1]/div[1]/form[1]/div[2]/input[1]"}
  (Session info: chrome=77.0.3865.90)
For documentation on this error, please visit: https://www.seleniumhq.org/exceptions/no_such_element.html
Build info: version: '3.141.59', revision: 'e82be7d358', time: '2018-11-14T08:17:03'
System info: host: 'LAPTOP-5846SF8B', ip: '192.168.138.1', os.name: 'Windows 10', os.arch: 'amd64', os.version: '10.0', java.version: '1.8.0_201'
Driver info: org.openqa.selenium.chrome.ChromeDriver
Capabilities {acceptInsecureCerts: false, browserName: chrome, browserVersion: 77.0.3865.90, chrome: {chromedriverVersion: 77.0.3865.40 (f484704e052e0..., userDataDir: C:\Users\samia\AppData\Loca...}, goog:chromeOptions: {debuggerAddress: localhost:63143}, javascriptEnabled: true, networkConnectionEnabled: false, pageLoadStrategy: normal, platform: XP, platformName: XP, proxy: Proxy(), setWindowRect: true, strictFileInteractability: false, timeouts: {implicit: 0, pageLoad: 300000, script: 30000}, unhandledPromptBehavior: dismiss and notify}
Session ID: ba9c16047e9af720c2fb791b1af901fd
*** Element info: {Using=xpath, value=//*[@id="J_SC_header"]/header[1]/div[2]/div[2]/div[1]/div[1]/form[1]/div[2]/input[1]}
at sun.reflect.NativeConstructorAccessorImpl.newInstance0(Native Method)
at sun.reflect.NativeConstructorAccessorImpl.newInstance(NativeConstructorAccessorImpl.java:62)
at sun.reflect.DelegatingConstructorAccessorImpl.newInstance(DelegatingConstructorAccessorImpl.java:45)
at java.lang.reflect.Constructor.newInstance(Constructor.java:423)
at org.openqa.selenium.remote.http.W3CHttpResponseCodec.createException(W3CHttpResponseCodec.java:187)
at org.openqa.selenium.remote.http.W3CHttpResponseCodec.decode(W3CHttpResponseCodec.java:122)
at org.openqa.selenium.remote.http.W3CHttpResponseCodec.decode(W3CHttpResponseCodec.java:49)
at org.openqa.selenium.remote.HttpCommandExecutor.execute(HttpCommandExecutor.java:158)
at org.openqa.selenium.remote.service.DriverCommandExecutor.execute(DriverCommandExecutor.java:83)
at org.openqa.selenium.remote.RemoteWebDriver.execute(RemoteWebDriver.java:552)
at org.openqa.selenium.remote.RemoteWebDriver.findElement(RemoteWebDriver.java:323)
at org.openqa.selenium.remote.RemoteWebDriver.findElementByXPath(RemoteWebDriver.java:428)
at org.openqa.selenium.By$ByXPath.findElement(By.java:353)
at org.openqa.selenium.remote.RemoteWebDriver.findElement(RemoteWebDriver.java:315)
at org.openqa.selenium.support.pagefactory.DefaultElementLocator.findElement(DefaultElementLocator.java:69)
at org.openqa.selenium.support.pagefactory.internal.LocatingElementHandler.invoke(LocatingElementHandler.java:38)
at com.sun.proxy.$Proxy13.isEnabled(Unknown Source)
at homepage.HomePage.setJacket(HomePage.java:217)
at testhomepage.TestHomePage.clickjacket(TestHomePage.java:89)
at sun.reflect.NativeMethodAccessorImpl.invoke0(Native Method)
at sun.reflect.NativeMethodAccessorImpl.invoke(NativeMethodAccessorImpl.java:62)
at sun.reflect.DelegatingMethodAccessorImpl.invoke(DelegatingMethodAccessorImpl.java:43)
at java.lang.reflect.Method.invoke(Method.java:498)
at org.testng.internal.MethodInvocationHelper.invokeMethod(MethodInvocationHelper.java:124)
at org.testng.internal.Invoker.invokeMethod(Invoker.java:583)
at org.testng.internal.Invoker.invokeTestMethod(Invoker.java:719)
at org.testng.internal.Invoker.invokeTestMethods(Invoker.java:989)
at org.testng.internal.TestMethodWorker.invokeTestMethods(TestMethodWorker.java:125)
at org.testng.internal.TestMethodWorker.run(TestMethodWorker.java:109)
at org.testng.TestRunner.privateRun(TestRunner.java:648)
at org.testng.TestRunner.run(TestRunner.java:505)
at org.testng.SuiteRunner.runTest(SuiteRunner.java:455)
at org.testng.SuiteRunner.runSequentially(SuiteRunner.java:450)
at org.testng.SuiteRunner.privateRun(SuiteRunner.java:415)
at org.testng.SuiteRunner.run(SuiteRunner.java:364)
at org.testng.SuiteRunnerWorker.runSuite(SuiteRunnerWorker.java:52)
at org.testng.SuiteRunnerWorker.run(SuiteRunnerWorker.java:84)
at org.testng.TestNG.runSuitesSequentially(TestNG.java:1208)
at org.testng.TestNG.runSuitesLocally(TestNG.java:1137)
at org.testng.TestNG.runSuites(TestNG.java:1049)
at org.testng.TestNG.run(TestNG.java:1017)
at org.apache.maven.surefire.testng.TestNGExecutor.run(TestNGExecutor.java:283)
at org.apache.maven.surefire.testng.TestNGXmlTestSuite.execute(TestNGXmlTestSuite.java:75)
at org.apache.maven.surefire.testng.TestNGProvider.invoke(TestNGProvider.java:120)
at org.apache.maven.surefire.booter.ForkedBooter.invokeProviderInSameClassLoader(ForkedBooter.java:384)
at org.apache.maven.surefire.booter.ForkedBooter.runSuitesInProcess(ForkedBooter.java:345)
at org.apache.maven.surefire.booter.ForkedBooter.execute(ForkedBooter.java:126)
at org.apache.maven.surefire.booter.ForkedBooter.main(ForkedBooter.java:418)
]]>
            </full-stacktrace>
          </exception> <!-- org.openqa.selenium.NoSuchElementException -->
          <reporter-output>
          </reporter-output>
        </test-method> <!-- clickjacket -->
        <test-method status="PASS" signature="startExtent(java.lang.reflect.Method)[pri:0, instance:testhomepage.TestHomePage@337d0578]" name="startExtent" is-config="true" duration-ms="0" started-at="2019-10-05T10:39:56Z" finished-at="2019-10-05T10:39:56Z">
          <params>
            <param index="0">
              <value>
                <![CDATA[public void testhomepage.TestHomePage.clickjacket()]]>
              </value>
            </param>
          </params>
          <reporter-output>
          </reporter-output>
        </test-method> <!-- startExtent -->
        <test-method status="PASS" signature="navigate()[pri:0, instance:testhomepage.TestHomePage@337d0578]" name="navigate" is-config="true" duration-ms="2253" started-at="2019-10-05T10:40:16Z" finished-at="2019-10-05T10:40:18Z">
          <reporter-output>
          </reporter-output>
        </test-method> <!-- navigate -->
        <test-method status="PASS" signature="afterEachTestMethod(org.testng.ITestResult)[pri:0, instance:testhomepage.TestHomePage@337d0578]" name="afterEachTestMethod" is-config="true" duration-ms="661" started-at="2019-10-05T10:40:18Z" finished-at="2019-10-05T10:40:19Z">
          <params>
            <param index="0">
              <value>
                <![CDATA[[TestResult name=clickjacket status=FAILURE method=TestHomePage.clickjacket()[pri:0, instance:testhomepage.TestHomePage@337d0578] output={null}]]]>
              </value>
            </param>
          </params>
          <reporter-output>
          </reporter-output>
        </test-method> <!-- afterEachTestMethod -->
        <test-method status="PASS" signature="startExtent(java.lang.reflect.Method)[pri:0, instance:testhomepage.TestHomePage@337d0578]" name="startExtent" is-config="true" duration-ms="0" started-at="2019-10-05T10:40:19Z" finished-at="2019-10-05T10:40:19Z">
          <params>
            <param index="0">
              <value>
                <![CDATA[public void testhomepage.TestHomePage.clicklanguage()]]>
              </value>
            </param>
          </params>
          <reporter-output>
          </reporter-output>
        </test-method> <!-- startExtent -->
        <test-method status="FAIL" signature="clicklanguage()[pri:0, instance:testhomepage.TestHomePage@337d0578]" name="clicklanguage" duration-ms="20014" started-at="2019-10-05T10:40:19Z" finished-at="2019-10-05T10:40:39Z">
          <exception class="org.openqa.selenium.NoSuchElementException">
            <message>
              <![CDATA[no such element: Unable to locate element: {"method":"xpath","selector":"//*[@id="J_SC_header"]/header[1]/div[1]/div[4]/div[1]/div[1]/div[1]/div[1]"}
  (Session info: chrome=77.0.3865.90)
For documentation on this error, please visit: https://www.seleniumhq.org/exceptions/no_such_element.html
Build info: version: '3.141.59', revision: 'e82be7d358', time: '2018-11-14T08:17:03'
System info: host: 'LAPTOP-5846SF8B', ip: '192.168.138.1', os.name: 'Windows 10', os.arch: 'amd64', os.version: '10.0', java.version: '1.8.0_201'
Driver info: org.openqa.selenium.chrome.ChromeDriver
Capabilities {acceptInsecureCerts: false, browserName: chrome, browserVersion: 77.0.3865.90, chrome: {chromedriverVersion: 77.0.3865.40 (f484704e052e0..., userDataDir: C:\Users\samia\AppData\Loca...}, goog:chromeOptions: {debuggerAddress: localhost:63143}, javascriptEnabled: true, networkConnectionEnabled: false, pageLoadStrategy: normal, platform: XP, platformName: XP, proxy: Proxy(), setWindowRect: true, strictFileInteractability: false, timeouts: {implicit: 0, pageLoad: 300000, script: 30000}, unhandledPromptBehavior: dismiss and notify}
Session ID: ba9c16047e9af720c2fb791b1af901fd
*** Element info: {Using=xpath, value=//*[@id="J_SC_header"]/header[1]/div[1]/div[4]/div[1]/div[1]/div[1]/div[1]}]]>
            </message>
            <full-stacktrace>
              <![CDATA[org.openqa.selenium.NoSuchElementException: no such element: Unable to locate element: {"method":"xpath","selector":"//*[@id="J_SC_header"]/header[1]/div[1]/div[4]/div[1]/div[1]/div[1]/div[1]"}
  (Session info: chrome=77.0.3865.90)
For documentation on this error, please visit: https://www.seleniumhq.org/exceptions/no_such_element.html
Build info: version: '3.141.59', revision: 'e82be7d358', time: '2018-11-14T08:17:03'
System info: host: 'LAPTOP-5846SF8B', ip: '192.168.138.1', os.name: 'Windows 10', os.arch: 'amd64', os.version: '10.0', java.version: '1.8.0_201'
Driver info: org.openqa.selenium.chrome.ChromeDriver
Capabilities {acceptInsecureCerts: false, browserName: chrome, browserVersion: 77.0.3865.90, chrome: {chromedriverVersion: 77.0.3865.40 (f484704e052e0..., userDataDir: C:\Users\samia\AppData\Loca...}, goog:chromeOptions: {debuggerAddress: localhost:63143}, javascriptEnabled: true, networkConnectionEnabled: false, pageLoadStrategy: normal, platform: XP, platformName: XP, proxy: Proxy(), setWindowRect: true, strictFileInteractability: false, timeouts: {implicit: 0, pageLoad: 300000, script: 30000}, unhandledPromptBehavior: dismiss and notify}
Session ID: ba9c16047e9af720c2fb791b1af901fd
*** Element info: {Using=xpath, value=//*[@id="J_SC_header"]/header[1]/div[1]/div[4]/div[1]/div[1]/div[1]/div[1]}
at sun.reflect.NativeConstructorAccessorImpl.newInstance0(Native Method)
at sun.reflect.NativeConstructorAccessorImpl.newInstance(NativeConstructorAccessorImpl.java:62)
at sun.reflect.DelegatingConstructorAccessorImpl.newInstance(DelegatingConstructorAccessorImpl.java:45)
at java.lang.reflect.Constructor.newInstance(Constructor.java:423)
at org.openqa.selenium.remote.http.W3CHttpResponseCodec.createException(W3CHttpResponseCodec.java:187)
at org.openqa.selenium.remote.http.W3CHttpResponseCodec.decode(W3CHttpResponseCodec.java:122)
at org.openqa.selenium.remote.http.W3CHttpResponseCodec.decode(W3CHttpResponseCodec.java:49)
at org.openqa.selenium.remote.HttpCommandExecutor.execute(HttpCommandExecutor.java:158)
at org.openqa.selenium.remote.service.DriverCommandExecutor.execute(DriverCommandExecutor.java:83)
at org.openqa.selenium.remote.RemoteWebDriver.execute(RemoteWebDriver.java:552)
at org.openqa.selenium.remote.RemoteWebDriver.findElement(RemoteWebDriver.java:323)
at org.openqa.selenium.remote.RemoteWebDriver.findElementByXPath(RemoteWebDriver.java:428)
at org.openqa.selenium.By$ByXPath.findElement(By.java:353)
at org.openqa.selenium.remote.RemoteWebDriver.findElement(RemoteWebDriver.java:315)
at org.openqa.selenium.support.pagefactory.DefaultElementLocator.findElement(DefaultElementLocator.java:69)
at org.openqa.selenium.support.pagefactory.internal.LocatingElementHandler.invoke(LocatingElementHandler.java:38)
at com.sun.proxy.$Proxy13.isDisplayed(Unknown Source)
at homepage.HomePage.setLanguage(HomePage.java:266)
at testhomepage.TestHomePage.clicklanguage(TestHomePage.java:46)
at sun.reflect.NativeMethodAccessorImpl.invoke0(Native Method)
at sun.reflect.NativeMethodAccessorImpl.invoke(NativeMethodAccessorImpl.java:62)
at sun.reflect.DelegatingMethodAccessorImpl.invoke(DelegatingMethodAccessorImpl.java:43)
at java.lang.reflect.Method.invoke(Method.java:498)
at org.testng.internal.MethodInvocationHelper.invokeMethod(MethodInvocationHelper.java:124)
at org.testng.internal.Invoker.invokeMethod(Invoker.java:583)
at org.testng.internal.Invoker.invokeTestMethod(Invoker.java:719)
at org.testng.internal.Invoker.invokeTestMethods(Invoker.java:989)
at org.testng.internal.TestMethodWorker.invokeTestMethods(TestMethodWorker.java:125)
at org.testng.internal.TestMethodWorker.run(TestMethodWorker.java:109)
at org.testng.TestRunner.privateRun(TestRunner.java:648)
at org.testng.TestRunner.run(TestRunner.java:505)
at org.testng.SuiteRunner.runTest(SuiteRunner.java:455)
at org.testng.SuiteRunner.runSequentially(SuiteRunner.java:450)
at org.testng.SuiteRunner.privateRun(SuiteRunner.java:415)
at org.testng.SuiteRunner.run(SuiteRunner.java:364)
at org.testng.SuiteRunnerWorker.runSuite(SuiteRunnerWorker.java:52)
at org.testng.SuiteRunnerWorker.run(SuiteRunnerWorker.java:84)
at org.testng.TestNG.runSuitesSequentially(TestNG.java:1208)
at org.testng.TestNG.runSuitesLocally(TestNG.java:1137)
at org.testng.TestNG.runSuites(TestNG.java:1049)
at org.testng.TestNG.run(TestNG.java:1017)
at org.apache.maven.surefire.testng.TestNGExecutor.run(TestNGExecutor.java:283)
at org.apache.maven.surefire.testng.TestNGXmlTestSuite.execute(TestNGXmlTestSuite.java:75)
at org.apache.maven.surefire.testng.TestNGProvider.invoke(TestNGProvider.java:120)
at org.apache.maven.surefire.booter.ForkedBooter.invokeProviderInSameClassLoader(ForkedBooter.java:384)
at org.apache.maven.surefire.booter.ForkedBooter.runSuitesInProcess(ForkedBooter.java:345)
at org.apache.maven.surefire.booter.ForkedBooter.execute(ForkedBooter.java:126)
at org.apache.maven.surefire.booter.ForkedBooter.main(ForkedBooter.java:418)
]]>
            </full-stacktrace>
          </exception> <!-- org.openqa.selenium.NoSuchElementException -->
          <reporter-output>
          </reporter-output>
        </test-method> <!-- clicklanguage -->
        <test-method status="PASS" signature="navigate()[pri:0, instance:testhomepage.TestHomePage@337d0578]" name="navigate" is-config="true" duration-ms="1368" started-at="2019-10-05T10:40:39Z" finished-at="2019-10-05T10:40:40Z">
          <reporter-output>
          </reporter-output>
        </test-method> <!-- navigate -->
        <test-method status="PASS" signature="afterEachTestMethod(org.testng.ITestResult)[pri:0, instance:testhomepage.TestHomePage@337d0578]" name="afterEachTestMethod" is-config="true" duration-ms="587" started-at="2019-10-05T10:40:40Z" finished-at="2019-10-05T10:40:41Z">
          <params>
            <param index="0">
              <value>
                <![CDATA[[TestResult name=clicklanguage status=FAILURE method=TestHomePage.clicklanguage()[pri:0, instance:testhomepage.TestHomePage@337d0578] output={null}]]]>
              </value>
            </param>
          </params>
          <reporter-output>
          </reporter-output>
        </test-method> <!-- afterEachTestMethod -->
        <test-method status="PASS" signature="startExtent(java.lang.reflect.Method)[pri:0, instance:testhomepage.TestHomePage@337d0578]" name="startExtent" is-config="true" duration-ms="1" started-at="2019-10-05T10:40:41Z" finished-at="2019-10-05T10:40:41Z">
          <params>
            <param index="0">
              <value>
                <![CDATA[public void testhomepage.TestHomePage.clicklearning()]]>
              </value>
            </param>
          </params>
          <reporter-output>
          </reporter-output>
        </test-method> <!-- startExtent -->
        <test-method status="PASS" signature="clicklearning()[pri:0, instance:testhomepage.TestHomePage@337d0578]" name="clicklearning" duration-ms="131" started-at="2019-10-05T10:40:41Z" finished-at="2019-10-05T10:40:41Z">
          <reporter-output>
            <line>
              <![CDATA[HomePage: ]]>
            </line>
          </reporter-output>
        </test-method> <!-- clicklearning -->
        <test-method status="PASS" signature="navigate()[pri:0, instance:testhomepage.TestHomePage@337d0578]" name="navigate" is-config="true" duration-ms="3087" started-at="2019-10-05T10:40:41Z" finished-at="2019-10-05T10:40:44Z">
          <reporter-output>
          </reporter-output>
        </test-method> <!-- navigate -->
        <test-method status="PASS" signature="afterEachTestMethod(org.testng.ITestResult)[pri:0, instance:testhomepage.TestHomePage@337d0578]" name="afterEachTestMethod" is-config="true" duration-ms="24" started-at="2019-10-05T10:40:44Z" finished-at="2019-10-05T10:40:44Z">
          <params>
            <param index="0">
              <value>
                <![CDATA[[TestResult name=clicklearning status=SUCCESS method=TestHomePage.clicklearning()[pri:0, instance:testhomepage.TestHomePage@337d0578] output=HomePage: ]]]>
              </value>
            </param>
          </params>
          <reporter-output>
          </reporter-output>
        </test-method> <!-- afterEachTestMethod -->
        <test-method status="PASS" signature="clickmachinary()[pri:0, instance:testhomepage.TestHomePage@337d0578]" name="clickmachinary" duration-ms="5132" started-at="2019-10-05T10:40:44Z" finished-at="2019-10-05T10:40:49Z">
          <reporter-output>
          </reporter-output>
        </test-method> <!-- clickmachinary -->
        <test-method status="PASS" signature="startExtent(java.lang.reflect.Method)[pri:0, instance:testhomepage.TestHomePage@337d0578]" name="startExtent" is-config="true" duration-ms="0" started-at="2019-10-05T10:40:44Z" finished-at="2019-10-05T10:40:44Z">
          <params>
            <param index="0">
              <value>
                <![CDATA[public void testhomepage.TestHomePage.clickmachinary()]]>
              </value>
            </param>
          </params>
          <reporter-output>
          </reporter-output>
        </test-method> <!-- startExtent -->
        <test-method status="PASS" signature="navigate()[pri:0, instance:testhomepage.TestHomePage@337d0578]" name="navigate" is-config="true" duration-ms="2901" started-at="2019-10-05T10:40:49Z" finished-at="2019-10-05T10:40:52Z">
          <reporter-output>
          </reporter-output>
        </test-method> <!-- navigate -->
        <test-method status="PASS" signature="afterEachTestMethod(org.testng.ITestResult)[pri:0, instance:testhomepage.TestHomePage@337d0578]" name="afterEachTestMethod" is-config="true" duration-ms="27" started-at="2019-10-05T10:40:52Z" finished-at="2019-10-05T10:40:52Z">
          <params>
            <param index="0">
              <value>
                <![CDATA[[TestResult name=clickmachinary status=SUCCESS method=TestHomePage.clickmachinary()[pri:0, instance:testhomepage.TestHomePage@337d0578] output={null}]]]>
              </value>
            </param>
          </params>
          <reporter-output>
          </reporter-output>
        </test-method> <!-- afterEachTestMethod -->
        <test-method status="PASS" signature="startExtent(java.lang.reflect.Method)[pri:0, instance:testhomepage.TestHomePage@337d0578]" name="startExtent" is-config="true" duration-ms="0" started-at="2019-10-05T10:40:52Z" finished-at="2019-10-05T10:40:52Z">
          <params>
            <param index="0">
              <value>
                <![CDATA[public void testhomepage.TestHomePage.clickonhelp()]]>
              </value>
            </param>
          </params>
          <reporter-output>
          </reporter-output>
        </test-method> <!-- startExtent -->
        <test-method status="FAIL" signature="clickonhelp()[pri:0, instance:testhomepage.TestHomePage@337d0578]" name="clickonhelp" duration-ms="20069" started-at="2019-10-05T10:40:52Z" finished-at="2019-10-05T10:41:12Z">
          <exception class="org.openqa.selenium.NoSuchElementException">
            <message>
              <![CDATA[no such element: Unable to locate element: {"method":"xpath","selector":"//*[@id="J_SC_header"]/header[1]/div[1]/div[3]/ul[1]/li[3]/span[1]"}
  (Session info: chrome=77.0.3865.90)
For documentation on this error, please visit: https://www.seleniumhq.org/exceptions/no_such_element.html
Build info: version: '3.141.59', revision: 'e82be7d358', time: '2018-11-14T08:17:03'
System info: host: 'LAPTOP-5846SF8B', ip: '192.168.138.1', os.name: 'Windows 10', os.arch: 'amd64', os.version: '10.0', java.version: '1.8.0_201'
Driver info: org.openqa.selenium.chrome.ChromeDriver
Capabilities {acceptInsecureCerts: false, browserName: chrome, browserVersion: 77.0.3865.90, chrome: {chromedriverVersion: 77.0.3865.40 (f484704e052e0..., userDataDir: C:\Users\samia\AppData\Loca...}, goog:chromeOptions: {debuggerAddress: localhost:63143}, javascriptEnabled: true, networkConnectionEnabled: false, pageLoadStrategy: normal, platform: XP, platformName: XP, proxy: Proxy(), setWindowRect: true, strictFileInteractability: false, timeouts: {implicit: 0, pageLoad: 300000, script: 30000}, unhandledPromptBehavior: dismiss and notify}
Session ID: ba9c16047e9af720c2fb791b1af901fd
*** Element info: {Using=xpath, value=//*[@id="J_SC_header"]/header[1]/div[1]/div[3]/ul[1]/li[3]/span[1]}]]>
            </message>
            <full-stacktrace>
              <![CDATA[org.openqa.selenium.NoSuchElementException: no such element: Unable to locate element: {"method":"xpath","selector":"//*[@id="J_SC_header"]/header[1]/div[1]/div[3]/ul[1]/li[3]/span[1]"}
  (Session info: chrome=77.0.3865.90)
For documentation on this error, please visit: https://www.seleniumhq.org/exceptions/no_such_element.html
Build info: version: '3.141.59', revision: 'e82be7d358', time: '2018-11-14T08:17:03'
System info: host: 'LAPTOP-5846SF8B', ip: '192.168.138.1', os.name: 'Windows 10', os.arch: 'amd64', os.version: '10.0', java.version: '1.8.0_201'
Driver info: org.openqa.selenium.chrome.ChromeDriver
Capabilities {acceptInsecureCerts: false, browserName: chrome, browserVersion: 77.0.3865.90, chrome: {chromedriverVersion: 77.0.3865.40 (f484704e052e0..., userDataDir: C:\Users\samia\AppData\Loca...}, goog:chromeOptions: {debuggerAddress: localhost:63143}, javascriptEnabled: true, networkConnectionEnabled: false, pageLoadStrategy: normal, platform: XP, platformName: XP, proxy: Proxy(), setWindowRect: true, strictFileInteractability: false, timeouts: {implicit: 0, pageLoad: 300000, script: 30000}, unhandledPromptBehavior: dismiss and notify}
Session ID: ba9c16047e9af720c2fb791b1af901fd
*** Element info: {Using=xpath, value=//*[@id="J_SC_header"]/header[1]/div[1]/div[3]/ul[1]/li[3]/span[1]}
at sun.reflect.NativeConstructorAccessorImpl.newInstance0(Native Method)
at sun.reflect.NativeConstructorAccessorImpl.newInstance(NativeConstructorAccessorImpl.java:62)
at sun.reflect.DelegatingConstructorAccessorImpl.newInstance(DelegatingConstructorAccessorImpl.java:45)
at java.lang.reflect.Constructor.newInstance(Constructor.java:423)
at org.openqa.selenium.remote.http.W3CHttpResponseCodec.createException(W3CHttpResponseCodec.java:187)
at org.openqa.selenium.remote.http.W3CHttpResponseCodec.decode(W3CHttpResponseCodec.java:122)
at org.openqa.selenium.remote.http.W3CHttpResponseCodec.decode(W3CHttpResponseCodec.java:49)
at org.openqa.selenium.remote.HttpCommandExecutor.execute(HttpCommandExecutor.java:158)
at org.openqa.selenium.remote.service.DriverCommandExecutor.execute(DriverCommandExecutor.java:83)
at org.openqa.selenium.remote.RemoteWebDriver.execute(RemoteWebDriver.java:552)
at org.openqa.selenium.remote.RemoteWebDriver.findElement(RemoteWebDriver.java:323)
at org.openqa.selenium.remote.RemoteWebDriver.findElementByXPath(RemoteWebDriver.java:428)
at org.openqa.selenium.By$ByXPath.findElement(By.java:353)
at org.openqa.selenium.remote.RemoteWebDriver.findElement(RemoteWebDriver.java:315)
at org.openqa.selenium.support.pagefactory.DefaultElementLocator.findElement(DefaultElementLocator.java:69)
at org.openqa.selenium.support.pagefactory.internal.LocatingElementHandler.invoke(LocatingElementHandler.java:38)
at com.sun.proxy.$Proxy13.isDisplayed(Unknown Source)
at homepage.HomePage.setHelpcommuinity(HomePage.java:252)
at testhomepage.TestHomePage.clickonhelp(TestHomePage.java:59)
at sun.reflect.NativeMethodAccessorImpl.invoke0(Native Method)
at sun.reflect.NativeMethodAccessorImpl.invoke(NativeMethodAccessorImpl.java:62)
at sun.reflect.DelegatingMethodAccessorImpl.invoke(DelegatingMethodAccessorImpl.java:43)
at java.lang.reflect.Method.invoke(Method.java:498)
at org.testng.internal.MethodInvocationHelper.invokeMethod(MethodInvocationHelper.java:124)
at org.testng.internal.Invoker.invokeMethod(Invoker.java:583)
at org.testng.internal.Invoker.invokeTestMethod(Invoker.java:719)
at org.testng.internal.Invoker.invokeTestMethods(Invoker.java:989)
at org.testng.internal.TestMethodWorker.invokeTestMethods(TestMethodWorker.java:125)
at org.testng.internal.TestMethodWorker.run(TestMethodWorker.java:109)
at org.testng.TestRunner.privateRun(TestRunner.java:648)
at org.testng.TestRunner.run(TestRunner.java:505)
at org.testng.SuiteRunner.runTest(SuiteRunner.java:455)
at org.testng.SuiteRunner.runSequentially(SuiteRunner.java:450)
at org.testng.SuiteRunner.privateRun(SuiteRunner.java:415)
at org.testng.SuiteRunner.run(SuiteRunner.java:364)
at org.testng.SuiteRunnerWorker.runSuite(SuiteRunnerWorker.java:52)
at org.testng.SuiteRunnerWorker.run(SuiteRunnerWorker.java:84)
at org.testng.TestNG.runSuitesSequentially(TestNG.java:1208)
at org.testng.TestNG.runSuitesLocally(TestNG.java:1137)
at org.testng.TestNG.runSuites(TestNG.java:1049)
at org.testng.TestNG.run(TestNG.java:1017)
at org.apache.maven.surefire.testng.TestNGExecutor.run(TestNGExecutor.java:283)
at org.apache.maven.surefire.testng.TestNGXmlTestSuite.execute(TestNGXmlTestSuite.java:75)
at org.apache.maven.surefire.testng.TestNGProvider.invoke(TestNGProvider.java:120)
at org.apache.maven.surefire.booter.ForkedBooter.invokeProviderInSameClassLoader(ForkedBooter.java:384)
at org.apache.maven.surefire.booter.ForkedBooter.runSuitesInProcess(ForkedBooter.java:345)
at org.apache.maven.surefire.booter.ForkedBooter.execute(ForkedBooter.java:126)
at org.apache.maven.surefire.booter.ForkedBooter.main(ForkedBooter.java:418)
]]>
            </full-stacktrace>
          </exception> <!-- org.openqa.selenium.NoSuchElementException -->
          <reporter-output>
          </reporter-output>
        </test-method> <!-- clickonhelp -->
        <test-method status="PASS" signature="navigate()[pri:0, instance:testhomepage.TestHomePage@337d0578]" name="navigate" is-config="true" duration-ms="2630" started-at="2019-10-05T10:41:12Z" finished-at="2019-10-05T10:41:15Z">
          <reporter-output>
          </reporter-output>
        </test-method> <!-- navigate -->
        <test-method status="PASS" signature="afterEachTestMethod(org.testng.ITestResult)[pri:0, instance:testhomepage.TestHomePage@337d0578]" name="afterEachTestMethod" is-config="true" duration-ms="561" started-at="2019-10-05T10:41:15Z" finished-at="2019-10-05T10:41:15Z">
          <params>
            <param index="0">
              <value>
                <![CDATA[[TestResult name=clickonhelp status=FAILURE method=TestHomePage.clickonhelp()[pri:0, instance:testhomepage.TestHomePage@337d0578] output={null}]]]>
              </value>
            </param>
          </params>
          <reporter-output>
          </reporter-output>
        </test-method> <!-- afterEachTestMethod -->
        <test-method status="FAIL" signature="clickonmembership()[pri:0, instance:testhomepage.TestHomePage@337d0578]" name="clickonmembership" duration-ms="20043" started-at="2019-10-05T10:41:15Z" finished-at="2019-10-05T10:41:35Z">
          <exception class="org.openqa.selenium.NoSuchElementException">
            <message>
              <![CDATA[no such element: Unable to locate element: {"method":"xpath","selector":"//*[@id="J_SC_header"]/header[1]/div[1]/div[3]/ul[1]/li[2]/span[1]"}
  (Session info: chrome=77.0.3865.90)
For documentation on this error, please visit: https://www.seleniumhq.org/exceptions/no_such_element.html
Build info: version: '3.141.59', revision: 'e82be7d358', time: '2018-11-14T08:17:03'
System info: host: 'LAPTOP-5846SF8B', ip: '192.168.138.1', os.name: 'Windows 10', os.arch: 'amd64', os.version: '10.0', java.version: '1.8.0_201'
Driver info: org.openqa.selenium.chrome.ChromeDriver
Capabilities {acceptInsecureCerts: false, browserName: chrome, browserVersion: 77.0.3865.90, chrome: {chromedriverVersion: 77.0.3865.40 (f484704e052e0..., userDataDir: C:\Users\samia\AppData\Loca...}, goog:chromeOptions: {debuggerAddress: localhost:63143}, javascriptEnabled: true, networkConnectionEnabled: false, pageLoadStrategy: normal, platform: XP, platformName: XP, proxy: Proxy(), setWindowRect: true, strictFileInteractability: false, timeouts: {implicit: 0, pageLoad: 300000, script: 30000}, unhandledPromptBehavior: dismiss and notify}
Session ID: ba9c16047e9af720c2fb791b1af901fd
*** Element info: {Using=xpath, value=//*[@id="J_SC_header"]/header[1]/div[1]/div[3]/ul[1]/li[2]/span[1]}]]>
            </message>
            <full-stacktrace>
              <![CDATA[org.openqa.selenium.NoSuchElementException: no such element: Unable to locate element: {"method":"xpath","selector":"//*[@id="J_SC_header"]/header[1]/div[1]/div[3]/ul[1]/li[2]/span[1]"}
  (Session info: chrome=77.0.3865.90)
For documentation on this error, please visit: https://www.seleniumhq.org/exceptions/no_such_element.html
Build info: version: '3.141.59', revision: 'e82be7d358', time: '2018-11-14T08:17:03'
System info: host: 'LAPTOP-5846SF8B', ip: '192.168.138.1', os.name: 'Windows 10', os.arch: 'amd64', os.version: '10.0', java.version: '1.8.0_201'
Driver info: org.openqa.selenium.chrome.ChromeDriver
Capabilities {acceptInsecureCerts: false, browserName: chrome, browserVersion: 77.0.3865.90, chrome: {chromedriverVersion: 77.0.3865.40 (f484704e052e0..., userDataDir: C:\Users\samia\AppData\Loca...}, goog:chromeOptions: {debuggerAddress: localhost:63143}, javascriptEnabled: true, networkConnectionEnabled: false, pageLoadStrategy: normal, platform: XP, platformName: XP, proxy: Proxy(), setWindowRect: true, strictFileInteractability: false, timeouts: {implicit: 0, pageLoad: 300000, script: 30000}, unhandledPromptBehavior: dismiss and notify}
Session ID: ba9c16047e9af720c2fb791b1af901fd
*** Element info: {Using=xpath, value=//*[@id="J_SC_header"]/header[1]/div[1]/div[3]/ul[1]/li[2]/span[1]}
at sun.reflect.NativeConstructorAccessorImpl.newInstance0(Native Method)
at sun.reflect.NativeConstructorAccessorImpl.newInstance(NativeConstructorAccessorImpl.java:62)
at sun.reflect.DelegatingConstructorAccessorImpl.newInstance(DelegatingConstructorAccessorImpl.java:45)
at java.lang.reflect.Constructor.newInstance(Constructor.java:423)
at org.openqa.selenium.remote.http.W3CHttpResponseCodec.createException(W3CHttpResponseCodec.java:187)
at org.openqa.selenium.remote.http.W3CHttpResponseCodec.decode(W3CHttpResponseCodec.java:122)
at org.openqa.selenium.remote.http.W3CHttpResponseCodec.decode(W3CHttpResponseCodec.java:49)
at org.openqa.selenium.remote.HttpCommandExecutor.execute(HttpCommandExecutor.java:158)
at org.openqa.selenium.remote.service.DriverCommandExecutor.execute(DriverCommandExecutor.java:83)
at org.openqa.selenium.remote.RemoteWebDriver.execute(RemoteWebDriver.java:552)
at org.openqa.selenium.remote.RemoteWebDriver.findElement(RemoteWebDriver.java:323)
at org.openqa.selenium.remote.RemoteWebDriver.findElementByXPath(RemoteWebDriver.java:428)
at org.openqa.selenium.By$ByXPath.findElement(By.java:353)
at org.openqa.selenium.remote.RemoteWebDriver.findElement(RemoteWebDriver.java:315)
at org.openqa.selenium.support.pagefactory.DefaultElementLocator.findElement(DefaultElementLocator.java:69)
at org.openqa.selenium.support.pagefactory.internal.LocatingElementHandler.invoke(LocatingElementHandler.java:38)
at com.sun.proxy.$Proxy13.click(Unknown Source)
at homepage.HomePage.setServiceandmembership(HomePage.java:257)
at testhomepage.TestHomePage.clickonmembership(TestHomePage.java:55)
at sun.reflect.NativeMethodAccessorImpl.invoke0(Native Method)
at sun.reflect.NativeMethodAccessorImpl.invoke(NativeMethodAccessorImpl.java:62)
at sun.reflect.DelegatingMethodAccessorImpl.invoke(DelegatingMethodAccessorImpl.java:43)
at java.lang.reflect.Method.invoke(Method.java:498)
at org.testng.internal.MethodInvocationHelper.invokeMethod(MethodInvocationHelper.java:124)
at org.testng.internal.Invoker.invokeMethod(Invoker.java:583)
at org.testng.internal.Invoker.invokeTestMethod(Invoker.java:719)
at org.testng.internal.Invoker.invokeTestMethods(Invoker.java:989)
at org.testng.internal.TestMethodWorker.invokeTestMethods(TestMethodWorker.java:125)
at org.testng.internal.TestMethodWorker.run(TestMethodWorker.java:109)
at org.testng.TestRunner.privateRun(TestRunner.java:648)
at org.testng.TestRunner.run(TestRunner.java:505)
at org.testng.SuiteRunner.runTest(SuiteRunner.java:455)
at org.testng.SuiteRunner.runSequentially(SuiteRunner.java:450)
at org.testng.SuiteRunner.privateRun(SuiteRunner.java:415)
at org.testng.SuiteRunner.run(SuiteRunner.java:364)
at org.testng.SuiteRunnerWorker.runSuite(SuiteRunnerWorker.java:52)
at org.testng.SuiteRunnerWorker.run(SuiteRunnerWorker.java:84)
at org.testng.TestNG.runSuitesSequentially(TestNG.java:1208)
at org.testng.TestNG.runSuitesLocally(TestNG.java:1137)
at org.testng.TestNG.runSuites(TestNG.java:1049)
at org.testng.TestNG.run(TestNG.java:1017)
at org.apache.maven.surefire.testng.TestNGExecutor.run(TestNGExecutor.java:283)
at org.apache.maven.surefire.testng.TestNGXmlTestSuite.execute(TestNGXmlTestSuite.java:75)
at org.apache.maven.surefire.testng.TestNGProvider.invoke(TestNGProvider.java:120)
at org.apache.maven.surefire.booter.ForkedBooter.invokeProviderInSameClassLoader(ForkedBooter.java:384)
at org.apache.maven.surefire.booter.ForkedBooter.runSuitesInProcess(ForkedBooter.java:345)
at org.apache.maven.surefire.booter.ForkedBooter.execute(ForkedBooter.java:126)
at org.apache.maven.surefire.booter.ForkedBooter.main(ForkedBooter.java:418)
]]>
            </full-stacktrace>
          </exception> <!-- org.openqa.selenium.NoSuchElementException -->
          <reporter-output>
          </reporter-output>
        </test-method> <!-- clickonmembership -->
        <test-method status="PASS" signature="startExtent(java.lang.reflect.Method)[pri:0, instance:testhomepage.TestHomePage@337d0578]" name="startExtent" is-config="true" duration-ms="0" started-at="2019-10-05T10:41:15Z" finished-at="2019-10-05T10:41:15Z">
          <params>
            <param index="0">
              <value>
                <![CDATA[public void testhomepage.TestHomePage.clickonmembership()]]>
              </value>
            </param>
          </params>
          <reporter-output>
          </reporter-output>
        </test-method> <!-- startExtent -->
        <test-method status="PASS" signature="navigate()[pri:0, instance:testhomepage.TestHomePage@337d0578]" name="navigate" is-config="true" duration-ms="1944" started-at="2019-10-05T10:41:35Z" finished-at="2019-10-05T10:41:37Z">
          <reporter-output>
          </reporter-output>
        </test-method> <!-- navigate -->
        <test-method status="PASS" signature="afterEachTestMethod(org.testng.ITestResult)[pri:0, instance:testhomepage.TestHomePage@337d0578]" name="afterEachTestMethod" is-config="true" duration-ms="576" started-at="2019-10-05T10:41:37Z" finished-at="2019-10-05T10:41:38Z">
          <params>
            <param index="0">
              <value>
                <![CDATA[[TestResult name=clickonmembership status=FAILURE method=TestHomePage.clickonmembership()[pri:0, instance:testhomepage.TestHomePage@337d0578] output={null}]]]>
              </value>
            </param>
          </params>
          <reporter-output>
          </reporter-output>
        </test-method> <!-- afterEachTestMethod -->
        <test-method status="PASS" signature="startExtent(java.lang.reflect.Method)[pri:0, instance:testhomepage.TestHomePage@337d0578]" name="startExtent" is-config="true" duration-ms="0" started-at="2019-10-05T10:41:38Z" finished-at="2019-10-05T10:41:38Z">
          <params>
            <param index="0">
              <value>
                <![CDATA[public void testhomepage.TestHomePage.clickonsearch() throws java.lang.Exception]]>
              </value>
            </param>
          </params>
          <reporter-output>
          </reporter-output>
        </test-method> <!-- startExtent -->
        <test-method status="FAIL" signature="clickonsearch()[pri:0, instance:testhomepage.TestHomePage@337d0578]" name="clickonsearch" duration-ms="20026" started-at="2019-10-05T10:41:38Z" finished-at="2019-10-05T10:41:58Z">
          <exception class="org.openqa.selenium.NoSuchElementException">
            <message>
              <![CDATA[no such element: Unable to locate element: {"method":"xpath","selector":"//*[@id="J_SC_header"]/header[1]/div[2]/div[2]/div[1]/div[1]/form[1]/div[2]/input[1]"}
  (Session info: chrome=77.0.3865.90)
For documentation on this error, please visit: https://www.seleniumhq.org/exceptions/no_such_element.html
Build info: version: '3.141.59', revision: 'e82be7d358', time: '2018-11-14T08:17:03'
System info: host: 'LAPTOP-5846SF8B', ip: '192.168.138.1', os.name: 'Windows 10', os.arch: 'amd64', os.version: '10.0', java.version: '1.8.0_201'
Driver info: org.openqa.selenium.chrome.ChromeDriver
Capabilities {acceptInsecureCerts: false, browserName: chrome, browserVersion: 77.0.3865.90, chrome: {chromedriverVersion: 77.0.3865.40 (f484704e052e0..., userDataDir: C:\Users\samia\AppData\Loca...}, goog:chromeOptions: {debuggerAddress: localhost:63143}, javascriptEnabled: true, networkConnectionEnabled: false, pageLoadStrategy: normal, platform: XP, platformName: XP, proxy: Proxy(), setWindowRect: true, strictFileInteractability: false, timeouts: {implicit: 0, pageLoad: 300000, script: 30000}, unhandledPromptBehavior: dismiss and notify}
Session ID: ba9c16047e9af720c2fb791b1af901fd
*** Element info: {Using=xpath, value=//*[@id="J_SC_header"]/header[1]/div[2]/div[2]/div[1]/div[1]/form[1]/div[2]/input[1]}]]>
            </message>
            <full-stacktrace>
              <![CDATA[org.openqa.selenium.NoSuchElementException: no such element: Unable to locate element: {"method":"xpath","selector":"//*[@id="J_SC_header"]/header[1]/div[2]/div[2]/div[1]/div[1]/form[1]/div[2]/input[1]"}
  (Session info: chrome=77.0.3865.90)
For documentation on this error, please visit: https://www.seleniumhq.org/exceptions/no_such_element.html
Build info: version: '3.141.59', revision: 'e82be7d358', time: '2018-11-14T08:17:03'
System info: host: 'LAPTOP-5846SF8B', ip: '192.168.138.1', os.name: 'Windows 10', os.arch: 'amd64', os.version: '10.0', java.version: '1.8.0_201'
Driver info: org.openqa.selenium.chrome.ChromeDriver
Capabilities {acceptInsecureCerts: false, browserName: chrome, browserVersion: 77.0.3865.90, chrome: {chromedriverVersion: 77.0.3865.40 (f484704e052e0..., userDataDir: C:\Users\samia\AppData\Loca...}, goog:chromeOptions: {debuggerAddress: localhost:63143}, javascriptEnabled: true, networkConnectionEnabled: false, pageLoadStrategy: normal, platform: XP, platformName: XP, proxy: Proxy(), setWindowRect: true, strictFileInteractability: false, timeouts: {implicit: 0, pageLoad: 300000, script: 30000}, unhandledPromptBehavior: dismiss and notify}
Session ID: ba9c16047e9af720c2fb791b1af901fd
*** Element info: {Using=xpath, value=//*[@id="J_SC_header"]/header[1]/div[2]/div[2]/div[1]/div[1]/form[1]/div[2]/input[1]}
at sun.reflect.NativeConstructorAccessorImpl.newInstance0(Native Method)
at sun.reflect.NativeConstructorAccessorImpl.newInstance(NativeConstructorAccessorImpl.java:62)
at sun.reflect.DelegatingConstructorAccessorImpl.newInstance(DelegatingConstructorAccessorImpl.java:45)
at java.lang.reflect.Constructor.newInstance(Constructor.java:423)
at org.openqa.selenium.remote.http.W3CHttpResponseCodec.createException(W3CHttpResponseCodec.java:187)
at org.openqa.selenium.remote.http.W3CHttpResponseCodec.decode(W3CHttpResponseCodec.java:122)
at org.openqa.selenium.remote.http.W3CHttpResponseCodec.decode(W3CHttpResponseCodec.java:49)
at org.openqa.selenium.remote.HttpCommandExecutor.execute(HttpCommandExecutor.java:158)
at org.openqa.selenium.remote.service.DriverCommandExecutor.execute(DriverCommandExecutor.java:83)
at org.openqa.selenium.remote.RemoteWebDriver.execute(RemoteWebDriver.java:552)
at org.openqa.selenium.remote.RemoteWebDriver.findElement(RemoteWebDriver.java:323)
at org.openqa.selenium.remote.RemoteWebDriver.findElementByXPath(RemoteWebDriver.java:428)
at org.openqa.selenium.By$ByXPath.findElement(By.java:353)
at org.openqa.selenium.remote.RemoteWebDriver.findElement(RemoteWebDriver.java:315)
at org.openqa.selenium.support.pagefactory.DefaultElementLocator.findElement(DefaultElementLocator.java:69)
at org.openqa.selenium.support.pagefactory.internal.LocatingElementHandler.invoke(LocatingElementHandler.java:38)
at com.sun.proxy.$Proxy13.isEnabled(Unknown Source)
at homepage.HomePage.setSearch(HomePage.java:241)
at testhomepage.TestHomePage.clickonsearch(TestHomePage.java:67)
at sun.reflect.NativeMethodAccessorImpl.invoke0(Native Method)
at sun.reflect.NativeMethodAccessorImpl.invoke(NativeMethodAccessorImpl.java:62)
at sun.reflect.DelegatingMethodAccessorImpl.invoke(DelegatingMethodAccessorImpl.java:43)
at java.lang.reflect.Method.invoke(Method.java:498)
at org.testng.internal.MethodInvocationHelper.invokeMethod(MethodInvocationHelper.java:124)
at org.testng.internal.Invoker.invokeMethod(Invoker.java:583)
at org.testng.internal.Invoker.invokeTestMethod(Invoker.java:719)
at org.testng.internal.Invoker.invokeTestMethods(Invoker.java:989)
at org.testng.internal.TestMethodWorker.invokeTestMethods(TestMethodWorker.java:125)
at org.testng.internal.TestMethodWorker.run(TestMethodWorker.java:109)
at org.testng.TestRunner.privateRun(TestRunner.java:648)
at org.testng.TestRunner.run(TestRunner.java:505)
at org.testng.SuiteRunner.runTest(SuiteRunner.java:455)
at org.testng.SuiteRunner.runSequentially(SuiteRunner.java:450)
at org.testng.SuiteRunner.privateRun(SuiteRunner.java:415)
at org.testng.SuiteRunner.run(SuiteRunner.java:364)
at org.testng.SuiteRunnerWorker.runSuite(SuiteRunnerWorker.java:52)
at org.testng.SuiteRunnerWorker.run(SuiteRunnerWorker.java:84)
at org.testng.TestNG.runSuitesSequentially(TestNG.java:1208)
at org.testng.TestNG.runSuitesLocally(TestNG.java:1137)
at org.testng.TestNG.runSuites(TestNG.java:1049)
at org.testng.TestNG.run(TestNG.java:1017)
at org.apache.maven.surefire.testng.TestNGExecutor.run(TestNGExecutor.java:283)
at org.apache.maven.surefire.testng.TestNGXmlTestSuite.execute(TestNGXmlTestSuite.java:75)
at org.apache.maven.surefire.testng.TestNGProvider.invoke(TestNGProvider.java:120)
at org.apache.maven.surefire.booter.ForkedBooter.invokeProviderInSameClassLoader(ForkedBooter.java:384)
at org.apache.maven.surefire.booter.ForkedBooter.runSuitesInProcess(ForkedBooter.java:345)
at org.apache.maven.surefire.booter.ForkedBooter.execute(ForkedBooter.java:126)
at org.apache.maven.surefire.booter.ForkedBooter.main(ForkedBooter.java:418)
]]>
            </full-stacktrace>
          </exception> <!-- org.openqa.selenium.NoSuchElementException -->
          <reporter-output>
          </reporter-output>
        </test-method> <!-- clickonsearch -->
        <test-method status="PASS" signature="navigate()[pri:0, instance:testhomepage.TestHomePage@337d0578]" name="navigate" is-config="true" duration-ms="1463" started-at="2019-10-05T10:41:58Z" finished-at="2019-10-05T10:41:59Z">
          <reporter-output>
          </reporter-output>
        </test-method> <!-- navigate -->
        <test-method status="PASS" signature="afterEachTestMethod(org.testng.ITestResult)[pri:0, instance:testhomepage.TestHomePage@337d0578]" name="afterEachTestMethod" is-config="true" duration-ms="584" started-at="2019-10-05T10:41:59Z" finished-at="2019-10-05T10:42:00Z">
          <params>
            <param index="0">
              <value>
                <![CDATA[[TestResult name=clickonsearch status=FAILURE method=TestHomePage.clickonsearch()[pri:0, instance:testhomepage.TestHomePage@337d0578] output={null}]]]>
              </value>
            </param>
          </params>
          <reporter-output>
          </reporter-output>
        </test-method> <!-- afterEachTestMethod -->
        <test-method status="PASS" signature="startExtent(java.lang.reflect.Method)[pri:0, instance:testhomepage.TestHomePage@337d0578]" name="startExtent" is-config="true" duration-ms="0" started-at="2019-10-05T10:42:00Z" finished-at="2019-10-05T10:42:00Z">
          <params>
            <param index="0">
              <value>
                <![CDATA[public void testhomepage.TestHomePage.clickonsignIn()]]>
              </value>
            </param>
          </params>
          <reporter-output>
          </reporter-output>
        </test-method> <!-- startExtent -->
        <test-method status="PASS" signature="clickonsignIn()[pri:0, instance:testhomepage.TestHomePage@337d0578]" name="clickonsignIn" duration-ms="61" started-at="2019-10-05T10:42:00Z" finished-at="2019-10-05T10:42:00Z">
          <reporter-output>
          </reporter-output>
        </test-method> <!-- clickonsignIn -->
        <test-method status="PASS" signature="navigate()[pri:0, instance:testhomepage.TestHomePage@337d0578]" name="navigate" is-config="true" duration-ms="1729" started-at="2019-10-05T10:42:00Z" finished-at="2019-10-05T10:42:02Z">
          <reporter-output>
          </reporter-output>
        </test-method> <!-- navigate -->
        <test-method status="PASS" signature="afterEachTestMethod(org.testng.ITestResult)[pri:0, instance:testhomepage.TestHomePage@337d0578]" name="afterEachTestMethod" is-config="true" duration-ms="26" started-at="2019-10-05T10:42:02Z" finished-at="2019-10-05T10:42:02Z">
          <params>
            <param index="0">
              <value>
                <![CDATA[[TestResult name=clickonsignIn status=SUCCESS method=TestHomePage.clickonsignIn()[pri:0, instance:testhomepage.TestHomePage@337d0578] output={null}]]]>
              </value>
            </param>
          </params>
          <reporter-output>
          </reporter-output>
        </test-method> <!-- afterEachTestMethod -->
        <test-method status="PASS" signature="clickoukitel()[pri:0, instance:testhomepage.TestHomePage@337d0578]" name="clickoukitel" duration-ms="438" started-at="2019-10-05T10:42:02Z" finished-at="2019-10-05T10:42:02Z">
          <reporter-output>
          </reporter-output>
        </test-method> <!-- clickoukitel -->
        <test-method status="PASS" signature="startExtent(java.lang.reflect.Method)[pri:0, instance:testhomepage.TestHomePage@337d0578]" name="startExtent" is-config="true" duration-ms="0" started-at="2019-10-05T10:42:02Z" finished-at="2019-10-05T10:42:02Z">
          <params>
            <param index="0">
              <value>
                <![CDATA[public void testhomepage.TestHomePage.clickoukitel()]]>
              </value>
            </param>
          </params>
          <reporter-output>
          </reporter-output>
        </test-method> <!-- startExtent -->
        <test-method status="PASS" signature="navigate()[pri:0, instance:testhomepage.TestHomePage@337d0578]" name="navigate" is-config="true" duration-ms="1506" started-at="2019-10-05T10:42:02Z" finished-at="2019-10-05T10:42:04Z">
          <reporter-output>
          </reporter-output>
        </test-method> <!-- navigate -->
        <test-method status="PASS" signature="afterEachTestMethod(org.testng.ITestResult)[pri:0, instance:testhomepage.TestHomePage@337d0578]" name="afterEachTestMethod" is-config="true" duration-ms="31" started-at="2019-10-05T10:42:04Z" finished-at="2019-10-05T10:42:04Z">
          <params>
            <param index="0">
              <value>
                <![CDATA[[TestResult name=clickoukitel status=SUCCESS method=TestHomePage.clickoukitel()[pri:0, instance:testhomepage.TestHomePage@337d0578] output={null}]]]>
              </value>
            </param>
          </params>
          <reporter-output>
          </reporter-output>
        </test-method> <!-- afterEachTestMethod -->
        <test-method status="PASS" signature="startExtent(java.lang.reflect.Method)[pri:0, instance:testhomepage.TestHomePage@337d0578]" name="startExtent" is-config="true" duration-ms="0" started-at="2019-10-05T10:42:04Z" finished-at="2019-10-05T10:42:04Z">
          <params>
            <param index="0">
              <value>
                <![CDATA[public void testhomepage.TestHomePage.clickpolicy()]]>
              </value>
            </param>
          </params>
          <reporter-output>
          </reporter-output>
        </test-method> <!-- startExtent -->
        <test-method status="PASS" signature="clickpolicy()[pri:0, instance:testhomepage.TestHomePage@337d0578]" name="clickpolicy" duration-ms="271" started-at="2019-10-05T10:42:04Z" finished-at="2019-10-05T10:42:04Z">
          <reporter-output>
            <line>
              <![CDATA[HomePage: ]]>
            </line>
          </reporter-output>
        </test-method> <!-- clickpolicy -->
        <test-method status="PASS" signature="navigate()[pri:0, instance:testhomepage.TestHomePage@337d0578]" name="navigate" is-config="true" duration-ms="2522" started-at="2019-10-05T10:42:04Z" finished-at="2019-10-05T10:42:07Z">
          <reporter-output>
          </reporter-output>
        </test-method> <!-- navigate -->
        <test-method status="PASS" signature="afterEachTestMethod(org.testng.ITestResult)[pri:0, instance:testhomepage.TestHomePage@337d0578]" name="afterEachTestMethod" is-config="true" duration-ms="28" started-at="2019-10-05T10:42:07Z" finished-at="2019-10-05T10:42:07Z">
          <params>
            <param index="0">
              <value>
                <![CDATA[[TestResult name=clickpolicy status=SUCCESS method=TestHomePage.clickpolicy()[pri:0, instance:testhomepage.TestHomePage@337d0578] output=HomePage: ]]]>
              </value>
            </param>
          </params>
          <reporter-output>
          </reporter-output>
        </test-method> <!-- afterEachTestMethod -->
        <test-method status="PASS" signature="startExtent(java.lang.reflect.Method)[pri:0, instance:testhomepage.TestHomePage@337d0578]" name="startExtent" is-config="true" duration-ms="0" started-at="2019-10-05T10:42:07Z" finished-at="2019-10-05T10:42:07Z">
          <params>
            <param index="0">
              <value>
                <![CDATA[public void testhomepage.TestHomePage.clickreadytoship()]]>
              </value>
            </param>
          </params>
          <reporter-output>
          </reporter-output>
        </test-method> <!-- startExtent -->
        <test-method status="PASS" signature="clickreadytoship()[pri:0, instance:testhomepage.TestHomePage@337d0578]" name="clickreadytoship" duration-ms="5076" started-at="2019-10-05T10:42:07Z" finished-at="2019-10-05T10:42:12Z">
          <reporter-output>
            <line>
              <![CDATA[HomePage: ]]>
            </line>
          </reporter-output>
        </test-method> <!-- clickreadytoship -->
        <test-method status="PASS" signature="navigate()[pri:0, instance:testhomepage.TestHomePage@337d0578]" name="navigate" is-config="true" duration-ms="2483" started-at="2019-10-05T10:42:12Z" finished-at="2019-10-05T10:42:14Z">
          <reporter-output>
          </reporter-output>
        </test-method> <!-- navigate -->
        <test-method status="PASS" signature="afterEachTestMethod(org.testng.ITestResult)[pri:0, instance:testhomepage.TestHomePage@337d0578]" name="afterEachTestMethod" is-config="true" duration-ms="31" started-at="2019-10-05T10:42:14Z" finished-at="2019-10-05T10:42:14Z">
          <params>
            <param index="0">
              <value>
                <![CDATA[[TestResult name=clickreadytoship status=SUCCESS method=TestHomePage.clickreadytoship()[pri:0, instance:testhomepage.TestHomePage@337d0578] output=HomePage: ]]]>
              </value>
            </param>
          </params>
          <reporter-output>
          </reporter-output>
        </test-method> <!-- afterEachTestMethod -->
        <test-method status="PASS" signature="startExtent(java.lang.reflect.Method)[pri:0, instance:testhomepage.TestHomePage@337d0578]" name="startExtent" is-config="true" duration-ms="0" started-at="2019-10-05T10:42:14Z" finished-at="2019-10-05T10:42:14Z">
          <params>
            <param index="0">
              <value>
                <![CDATA[public void testhomepage.TestHomePage.clickreport()]]>
              </value>
            </param>
          </params>
          <reporter-output>
          </reporter-output>
        </test-method> <!-- startExtent -->
        <test-method status="PASS" signature="clickreport()[pri:0, instance:testhomepage.TestHomePage@337d0578]" name="clickreport" duration-ms="5210" started-at="2019-10-05T10:42:14Z" finished-at="2019-10-05T10:42:19Z">
          <reporter-output>
            <line>
              <![CDATA[HomePage: ]]>
            </line>
          </reporter-output>
        </test-method> <!-- clickreport -->
        <test-method status="PASS" signature="navigate()[pri:0, instance:testhomepage.TestHomePage@337d0578]" name="navigate" is-config="true" duration-ms="2996" started-at="2019-10-05T10:42:19Z" finished-at="2019-10-05T10:42:22Z">
          <reporter-output>
          </reporter-output>
        </test-method> <!-- navigate -->
        <test-method status="PASS" signature="afterEachTestMethod(org.testng.ITestResult)[pri:0, instance:testhomepage.TestHomePage@337d0578]" name="afterEachTestMethod" is-config="true" duration-ms="25" started-at="2019-10-05T10:42:22Z" finished-at="2019-10-05T10:42:23Z">
          <params>
            <param index="0">
              <value>
                <![CDATA[[TestResult name=clickreport status=SUCCESS method=TestHomePage.clickreport()[pri:0, instance:testhomepage.TestHomePage@337d0578] output=HomePage: ]]]>
              </value>
            </param>
          </params>
          <reporter-output>
          </reporter-output>
        </test-method> <!-- afterEachTestMethod -->
        <test-method status="PASS" signature="clickshoes()[pri:0, instance:testhomepage.TestHomePage@337d0578]" name="clickshoes" duration-ms="5213" started-at="2019-10-05T10:42:23Z" finished-at="2019-10-05T10:42:28Z">
          <reporter-output>
          </reporter-output>
        </test-method> <!-- clickshoes -->
        <test-method status="PASS" signature="startExtent(java.lang.reflect.Method)[pri:0, instance:testhomepage.TestHomePage@337d0578]" name="startExtent" is-config="true" duration-ms="0" started-at="2019-10-05T10:42:23Z" finished-at="2019-10-05T10:42:23Z">
          <params>
            <param index="0">
              <value>
                <![CDATA[public void testhomepage.TestHomePage.clickshoes()]]>
              </value>
            </param>
          </params>
          <reporter-output>
          </reporter-output>
        </test-method> <!-- startExtent -->
        <test-method status="PASS" signature="navigate()[pri:0, instance:testhomepage.TestHomePage@337d0578]" name="navigate" is-config="true" duration-ms="5182" started-at="2019-10-05T10:42:28Z" finished-at="2019-10-05T10:42:33Z">
          <reporter-output>
          </reporter-output>
        </test-method> <!-- navigate -->
        <test-method status="PASS" signature="afterEachTestMethod(org.testng.ITestResult)[pri:0, instance:testhomepage.TestHomePage@337d0578]" name="afterEachTestMethod" is-config="true" duration-ms="26" started-at="2019-10-05T10:42:33Z" finished-at="2019-10-05T10:42:33Z">
          <params>
            <param index="0">
              <value>
                <![CDATA[[TestResult name=clickshoes status=SUCCESS method=TestHomePage.clickshoes()[pri:0, instance:testhomepage.TestHomePage@337d0578] output={null}]]]>
              </value>
            </param>
          </params>
          <reporter-output>
          </reporter-output>
        </test-method> <!-- afterEachTestMethod -->
        <test-method status="PASS" signature="clicksitemap()[pri:0, instance:testhomepage.TestHomePage@337d0578]" name="clicksitemap" duration-ms="5156" started-at="2019-10-05T10:42:33Z" finished-at="2019-10-05T10:42:38Z">
          <reporter-output>
            <line>
              <![CDATA[HomePage: ]]>
            </line>
          </reporter-output>
        </test-method> <!-- clicksitemap -->
        <test-method status="PASS" signature="startExtent(java.lang.reflect.Method)[pri:0, instance:testhomepage.TestHomePage@337d0578]" name="startExtent" is-config="true" duration-ms="0" started-at="2019-10-05T10:42:33Z" finished-at="2019-10-05T10:42:33Z">
          <params>
            <param index="0">
              <value>
                <![CDATA[public void testhomepage.TestHomePage.clicksitemap()]]>
              </value>
            </param>
          </params>
          <reporter-output>
          </reporter-output>
        </test-method> <!-- startExtent -->
        <test-method status="PASS" signature="navigate()[pri:0, instance:testhomepage.TestHomePage@337d0578]" name="navigate" is-config="true" duration-ms="3059" started-at="2019-10-05T10:42:38Z" finished-at="2019-10-05T10:42:41Z">
          <reporter-output>
          </reporter-output>
        </test-method> <!-- navigate -->
        <test-method status="PASS" signature="afterEachTestMethod(org.testng.ITestResult)[pri:0, instance:testhomepage.TestHomePage@337d0578]" name="afterEachTestMethod" is-config="true" duration-ms="27" started-at="2019-10-05T10:42:41Z" finished-at="2019-10-05T10:42:41Z">
          <params>
            <param index="0">
              <value>
                <![CDATA[[TestResult name=clicksitemap status=SUCCESS method=TestHomePage.clicksitemap()[pri:0, instance:testhomepage.TestHomePage@337d0578] output=HomePage: ]]]>
              </value>
            </param>
          </params>
          <reporter-output>
          </reporter-output>
        </test-method> <!-- afterEachTestMethod -->
        <test-method status="PASS" signature="startExtent(java.lang.reflect.Method)[pri:0, instance:testhomepage.TestHomePage@337d0578]" name="startExtent" is-config="true" duration-ms="0" started-at="2019-10-05T10:42:41Z" finished-at="2019-10-05T10:42:41Z">
          <params>
            <param index="0">
              <value>
                <![CDATA[public void testhomepage.TestHomePage.clicksolutions()]]>
              </value>
            </param>
          </params>
          <reporter-output>
          </reporter-output>
        </test-method> <!-- startExtent -->
        <test-method status="FAIL" signature="clicksolutions()[pri:0, instance:testhomepage.TestHomePage@337d0578]" name="clicksolutions" duration-ms="20029" started-at="2019-10-05T10:42:41Z" finished-at="2019-10-05T10:43:01Z">
          <exception class="org.openqa.selenium.NoSuchElementException">
            <message>
              <![CDATA[no such element: Unable to locate element: {"method":"xpath","selector":"//*[@id="J_SC_header"]/header[1]/div[1]/div[3]/ul[1]/li[1]/span[1]"}
  (Session info: chrome=77.0.3865.90)
For documentation on this error, please visit: https://www.seleniumhq.org/exceptions/no_such_element.html
Build info: version: '3.141.59', revision: 'e82be7d358', time: '2018-11-14T08:17:03'
System info: host: 'LAPTOP-5846SF8B', ip: '192.168.138.1', os.name: 'Windows 10', os.arch: 'amd64', os.version: '10.0', java.version: '1.8.0_201'
Driver info: org.openqa.selenium.chrome.ChromeDriver
Capabilities {acceptInsecureCerts: false, browserName: chrome, browserVersion: 77.0.3865.90, chrome: {chromedriverVersion: 77.0.3865.40 (f484704e052e0..., userDataDir: C:\Users\samia\AppData\Loca...}, goog:chromeOptions: {debuggerAddress: localhost:63143}, javascriptEnabled: true, networkConnectionEnabled: false, pageLoadStrategy: normal, platform: XP, platformName: XP, proxy: Proxy(), setWindowRect: true, strictFileInteractability: false, timeouts: {implicit: 0, pageLoad: 300000, script: 30000}, unhandledPromptBehavior: dismiss and notify}
Session ID: ba9c16047e9af720c2fb791b1af901fd
*** Element info: {Using=xpath, value=//*[@id="J_SC_header"]/header[1]/div[1]/div[3]/ul[1]/li[1]/span[1]}]]>
            </message>
            <full-stacktrace>
              <![CDATA[org.openqa.selenium.NoSuchElementException: no such element: Unable to locate element: {"method":"xpath","selector":"//*[@id="J_SC_header"]/header[1]/div[1]/div[3]/ul[1]/li[1]/span[1]"}
  (Session info: chrome=77.0.3865.90)
For documentation on this error, please visit: https://www.seleniumhq.org/exceptions/no_such_element.html
Build info: version: '3.141.59', revision: 'e82be7d358', time: '2018-11-14T08:17:03'
System info: host: 'LAPTOP-5846SF8B', ip: '192.168.138.1', os.name: 'Windows 10', os.arch: 'amd64', os.version: '10.0', java.version: '1.8.0_201'
Driver info: org.openqa.selenium.chrome.ChromeDriver
Capabilities {acceptInsecureCerts: false, browserName: chrome, browserVersion: 77.0.3865.90, chrome: {chromedriverVersion: 77.0.3865.40 (f484704e052e0..., userDataDir: C:\Users\samia\AppData\Loca...}, goog:chromeOptions: {debuggerAddress: localhost:63143}, javascriptEnabled: true, networkConnectionEnabled: false, pageLoadStrategy: normal, platform: XP, platformName: XP, proxy: Proxy(), setWindowRect: true, strictFileInteractability: false, timeouts: {implicit: 0, pageLoad: 300000, script: 30000}, unhandledPromptBehavior: dismiss and notify}
Session ID: ba9c16047e9af720c2fb791b1af901fd
*** Element info: {Using=xpath, value=//*[@id="J_SC_header"]/header[1]/div[1]/div[3]/ul[1]/li[1]/span[1]}
at sun.reflect.NativeConstructorAccessorImpl.newInstance0(Native Method)
at sun.reflect.NativeConstructorAccessorImpl.newInstance(NativeConstructorAccessorImpl.java:62)
at sun.reflect.DelegatingConstructorAccessorImpl.newInstance(DelegatingConstructorAccessorImpl.java:45)
at java.lang.reflect.Constructor.newInstance(Constructor.java:423)
at org.openqa.selenium.remote.http.W3CHttpResponseCodec.createException(W3CHttpResponseCodec.java:187)
at org.openqa.selenium.remote.http.W3CHttpResponseCodec.decode(W3CHttpResponseCodec.java:122)
at org.openqa.selenium.remote.http.W3CHttpResponseCodec.decode(W3CHttpResponseCodec.java:49)
at org.openqa.selenium.remote.HttpCommandExecutor.execute(HttpCommandExecutor.java:158)
at org.openqa.selenium.remote.service.DriverCommandExecutor.execute(DriverCommandExecutor.java:83)
at org.openqa.selenium.remote.RemoteWebDriver.execute(RemoteWebDriver.java:552)
at org.openqa.selenium.remote.RemoteWebDriver.findElement(RemoteWebDriver.java:323)
at org.openqa.selenium.remote.RemoteWebDriver.findElementByXPath(RemoteWebDriver.java:428)
at org.openqa.selenium.By$ByXPath.findElement(By.java:353)
at org.openqa.selenium.remote.RemoteWebDriver.findElement(RemoteWebDriver.java:315)
at org.openqa.selenium.support.pagefactory.DefaultElementLocator.findElement(DefaultElementLocator.java:69)
at org.openqa.selenium.support.pagefactory.internal.LocatingElementHandler.invoke(LocatingElementHandler.java:38)
at com.sun.proxy.$Proxy13.isDisplayed(Unknown Source)
at homepage.HomePage.setSourcingSolution(HomePage.java:261)
at testhomepage.TestHomePage.clicksolutions(TestHomePage.java:51)
at sun.reflect.NativeMethodAccessorImpl.invoke0(Native Method)
at sun.reflect.NativeMethodAccessorImpl.invoke(NativeMethodAccessorImpl.java:62)
at sun.reflect.DelegatingMethodAccessorImpl.invoke(DelegatingMethodAccessorImpl.java:43)
at java.lang.reflect.Method.invoke(Method.java:498)
at org.testng.internal.MethodInvocationHelper.invokeMethod(MethodInvocationHelper.java:124)
at org.testng.internal.Invoker.invokeMethod(Invoker.java:583)
at org.testng.internal.Invoker.invokeTestMethod(Invoker.java:719)
at org.testng.internal.Invoker.invokeTestMethods(Invoker.java:989)
at org.testng.internal.TestMethodWorker.invokeTestMethods(TestMethodWorker.java:125)
at org.testng.internal.TestMethodWorker.run(TestMethodWorker.java:109)
at org.testng.TestRunner.privateRun(TestRunner.java:648)
at org.testng.TestRunner.run(TestRunner.java:505)
at org.testng.SuiteRunner.runTest(SuiteRunner.java:455)
at org.testng.SuiteRunner.runSequentially(SuiteRunner.java:450)
at org.testng.SuiteRunner.privateRun(SuiteRunner.java:415)
at org.testng.SuiteRunner.run(SuiteRunner.java:364)
at org.testng.SuiteRunnerWorker.runSuite(SuiteRunnerWorker.java:52)
at org.testng.SuiteRunnerWorker.run(SuiteRunnerWorker.java:84)
at org.testng.TestNG.runSuitesSequentially(TestNG.java:1208)
at org.testng.TestNG.runSuitesLocally(TestNG.java:1137)
at org.testng.TestNG.runSuites(TestNG.java:1049)
at org.testng.TestNG.run(TestNG.java:1017)
at org.apache.maven.surefire.testng.TestNGExecutor.run(TestNGExecutor.java:283)
at org.apache.maven.surefire.testng.TestNGXmlTestSuite.execute(TestNGXmlTestSuite.java:75)
at org.apache.maven.surefire.testng.TestNGProvider.invoke(TestNGProvider.java:120)
at org.apache.maven.surefire.booter.ForkedBooter.invokeProviderInSameClassLoader(ForkedBooter.java:384)
at org.apache.maven.surefire.booter.ForkedBooter.runSuitesInProcess(ForkedBooter.java:345)
at org.apache.maven.surefire.booter.ForkedBooter.execute(ForkedBooter.java:126)
at org.apache.maven.surefire.booter.ForkedBooter.main(ForkedBooter.java:418)
]]>
            </full-stacktrace>
          </exception> <!-- org.openqa.selenium.NoSuchElementException -->
          <reporter-output>
          </reporter-output>
        </test-method> <!-- clicksolutions -->
        <test-method status="PASS" signature="navigate()[pri:0, instance:testhomepage.TestHomePage@337d0578]" name="navigate" is-config="true" duration-ms="3398" started-at="2019-10-05T10:43:01Z" finished-at="2019-10-05T10:43:05Z">
          <reporter-output>
          </reporter-output>
        </test-method> <!-- navigate -->
        <test-method status="PASS" signature="afterEachTestMethod(org.testng.ITestResult)[pri:0, instance:testhomepage.TestHomePage@337d0578]" name="afterEachTestMethod" is-config="true" duration-ms="545" started-at="2019-10-05T10:43:05Z" finished-at="2019-10-05T10:43:05Z">
          <params>
            <param index="0">
              <value>
                <![CDATA[[TestResult name=clicksolutions status=FAILURE method=TestHomePage.clicksolutions()[pri:0, instance:testhomepage.TestHomePage@337d0578] output={null}]]]>
              </value>
            </param>
          </params>
          <reporter-output>
          </reporter-output>
        </test-method> <!-- afterEachTestMethod -->
        <test-method status="FAIL" signature="clicksports()[pri:0, instance:testhomepage.TestHomePage@337d0578]" name="clicksports" duration-ms="41" started-at="2019-10-05T10:43:05Z" finished-at="2019-10-05T10:43:05Z">
          <exception class="org.openqa.selenium.ElementClickInterceptedException">
            <message>
              <![CDATA[element click intercepted: Element <a class="category-item util-ellipsis" target="_blank" href="//www.alibaba.com/Timepieces-Jewelry-Eyewear_p36" title="Timepieces, Jewelry, Eyewear">...</a> is not clickable at point (208, 20). Other element would receive the click: <div class="sticky-content">...</div>
  (Session info: chrome=77.0.3865.90)
Build info: version: '3.141.59', revision: 'e82be7d358', time: '2018-11-14T08:17:03'
System info: host: 'LAPTOP-5846SF8B', ip: '192.168.138.1', os.name: 'Windows 10', os.arch: 'amd64', os.version: '10.0', java.version: '1.8.0_201'
Driver info: org.openqa.selenium.chrome.ChromeDriver
Capabilities {acceptInsecureCerts: false, browserName: chrome, browserVersion: 77.0.3865.90, chrome: {chromedriverVersion: 77.0.3865.40 (f484704e052e0..., userDataDir: C:\Users\samia\AppData\Loca...}, goog:chromeOptions: {debuggerAddress: localhost:63143}, javascriptEnabled: true, networkConnectionEnabled: false, pageLoadStrategy: normal, platform: XP, platformName: XP, proxy: Proxy(), setWindowRect: true, strictFileInteractability: false, timeouts: {implicit: 0, pageLoad: 300000, script: 30000}, unhandledPromptBehavior: dismiss and notify}
Session ID: ba9c16047e9af720c2fb791b1af901fd]]>
            </message>
            <full-stacktrace>
              <![CDATA[org.openqa.selenium.ElementClickInterceptedException: element click intercepted: Element <a class="category-item util-ellipsis" target="_blank" href="//www.alibaba.com/Timepieces-Jewelry-Eyewear_p36" title="Timepieces, Jewelry, Eyewear">...</a> is not clickable at point (208, 20). Other element would receive the click: <div class="sticky-content">...</div>
  (Session info: chrome=77.0.3865.90)
Build info: version: '3.141.59', revision: 'e82be7d358', time: '2018-11-14T08:17:03'
System info: host: 'LAPTOP-5846SF8B', ip: '192.168.138.1', os.name: 'Windows 10', os.arch: 'amd64', os.version: '10.0', java.version: '1.8.0_201'
Driver info: org.openqa.selenium.chrome.ChromeDriver
Capabilities {acceptInsecureCerts: false, browserName: chrome, browserVersion: 77.0.3865.90, chrome: {chromedriverVersion: 77.0.3865.40 (f484704e052e0..., userDataDir: C:\Users\samia\AppData\Loca...}, goog:chromeOptions: {debuggerAddress: localhost:63143}, javascriptEnabled: true, networkConnectionEnabled: false, pageLoadStrategy: normal, platform: XP, platformName: XP, proxy: Proxy(), setWindowRect: true, strictFileInteractability: false, timeouts: {implicit: 0, pageLoad: 300000, script: 30000}, unhandledPromptBehavior: dismiss and notify}
Session ID: ba9c16047e9af720c2fb791b1af901fd
at sun.reflect.NativeConstructorAccessorImpl.newInstance0(Native Method)
at sun.reflect.NativeConstructorAccessorImpl.newInstance(NativeConstructorAccessorImpl.java:62)
at sun.reflect.DelegatingConstructorAccessorImpl.newInstance(DelegatingConstructorAccessorImpl.java:45)
at java.lang.reflect.Constructor.newInstance(Constructor.java:423)
at org.openqa.selenium.remote.http.W3CHttpResponseCodec.createException(W3CHttpResponseCodec.java:187)
at org.openqa.selenium.remote.http.W3CHttpResponseCodec.decode(W3CHttpResponseCodec.java:122)
at org.openqa.selenium.remote.http.W3CHttpResponseCodec.decode(W3CHttpResponseCodec.java:49)
at org.openqa.selenium.remote.HttpCommandExecutor.execute(HttpCommandExecutor.java:158)
at org.openqa.selenium.remote.service.DriverCommandExecutor.execute(DriverCommandExecutor.java:83)
at org.openqa.selenium.remote.RemoteWebDriver.execute(RemoteWebDriver.java:552)
at org.openqa.selenium.remote.RemoteWebElement.execute(RemoteWebElement.java:285)
at org.openqa.selenium.remote.RemoteWebElement.click(RemoteWebElement.java:84)
at sun.reflect.GeneratedMethodAccessor36.invoke(Unknown Source)
at sun.reflect.DelegatingMethodAccessorImpl.invoke(DelegatingMethodAccessorImpl.java:43)
at java.lang.reflect.Method.invoke(Method.java:498)
at org.openqa.selenium.support.pagefactory.internal.LocatingElementHandler.invoke(LocatingElementHandler.java:51)
at com.sun.proxy.$Proxy13.click(Unknown Source)
at homepage.HomePage.setSports(HomePage.java:234)
at testhomepage.TestHomePage.clicksports(TestHomePage.java:80)
at sun.reflect.NativeMethodAccessorImpl.invoke0(Native Method)
at sun.reflect.NativeMethodAccessorImpl.invoke(NativeMethodAccessorImpl.java:62)
at sun.reflect.DelegatingMethodAccessorImpl.invoke(DelegatingMethodAccessorImpl.java:43)
at java.lang.reflect.Method.invoke(Method.java:498)
at org.testng.internal.MethodInvocationHelper.invokeMethod(MethodInvocationHelper.java:124)
at org.testng.internal.Invoker.invokeMethod(Invoker.java:583)
at org.testng.internal.Invoker.invokeTestMethod(Invoker.java:719)
at org.testng.internal.Invoker.invokeTestMethods(Invoker.java:989)
at org.testng.internal.TestMethodWorker.invokeTestMethods(TestMethodWorker.java:125)
at org.testng.internal.TestMethodWorker.run(TestMethodWorker.java:109)
at org.testng.TestRunner.privateRun(TestRunner.java:648)
at org.testng.TestRunner.run(TestRunner.java:505)
at org.testng.SuiteRunner.runTest(SuiteRunner.java:455)
at org.testng.SuiteRunner.runSequentially(SuiteRunner.java:450)
at org.testng.SuiteRunner.privateRun(SuiteRunner.java:415)
at org.testng.SuiteRunner.run(SuiteRunner.java:364)
at org.testng.SuiteRunnerWorker.runSuite(SuiteRunnerWorker.java:52)
at org.testng.SuiteRunnerWorker.run(SuiteRunnerWorker.java:84)
at org.testng.TestNG.runSuitesSequentially(TestNG.java:1208)
at org.testng.TestNG.runSuitesLocally(TestNG.java:1137)
at org.testng.TestNG.runSuites(TestNG.java:1049)
at org.testng.TestNG.run(TestNG.java:1017)
at org.apache.maven.surefire.testng.TestNGExecutor.run(TestNGExecutor.java:283)
at org.apache.maven.surefire.testng.TestNGXmlTestSuite.execute(TestNGXmlTestSuite.java:75)
at org.apache.maven.surefire.testng.TestNGProvider.invoke(TestNGProvider.java:120)
at org.apache.maven.surefire.booter.ForkedBooter.invokeProviderInSameClassLoader(ForkedBooter.java:384)
at org.apache.maven.surefire.booter.ForkedBooter.runSuitesInProcess(ForkedBooter.java:345)
at org.apache.maven.surefire.booter.ForkedBooter.execute(ForkedBooter.java:126)
at org.apache.maven.surefire.booter.ForkedBooter.main(ForkedBooter.java:418)
]]>
            </full-stacktrace>
          </exception> <!-- org.openqa.selenium.ElementClickInterceptedException -->
          <reporter-output>
          </reporter-output>
        </test-method> <!-- clicksports -->
        <test-method status="PASS" signature="startExtent(java.lang.reflect.Method)[pri:0, instance:testhomepage.TestHomePage@337d0578]" name="startExtent" is-config="true" duration-ms="0" started-at="2019-10-05T10:43:05Z" finished-at="2019-10-05T10:43:05Z">
          <params>
            <param index="0">
              <value>
                <![CDATA[public void testhomepage.TestHomePage.clicksports()]]>
              </value>
            </param>
          </params>
          <reporter-output>
          </reporter-output>
        </test-method> <!-- startExtent -->
        <test-method status="PASS" signature="navigate()[pri:0, instance:testhomepage.TestHomePage@337d0578]" name="navigate" is-config="true" duration-ms="2448" started-at="2019-10-05T10:43:05Z" finished-at="2019-10-05T10:43:08Z">
          <reporter-output>
          </reporter-output>
        </test-method> <!-- navigate -->
        <test-method status="PASS" signature="afterEachTestMethod(org.testng.ITestResult)[pri:0, instance:testhomepage.TestHomePage@337d0578]" name="afterEachTestMethod" is-config="true" duration-ms="507" started-at="2019-10-05T10:43:08Z" finished-at="2019-10-05T10:43:08Z">
          <params>
            <param index="0">
              <value>
                <![CDATA[[TestResult name=clicksports status=FAILURE method=TestHomePage.clicksports()[pri:0, instance:testhomepage.TestHomePage@337d0578] output={null}]]]>
              </value>
            </param>
          </params>
          <reporter-output>
          </reporter-output>
        </test-method> <!-- afterEachTestMethod -->
        <test-method status="PASS" signature="clicktradeshow()[pri:0, instance:testhomepage.TestHomePage@337d0578]" name="clicktradeshow" duration-ms="62" started-at="2019-10-05T10:43:08Z" finished-at="2019-10-05T10:43:08Z">
          <reporter-output>
          </reporter-output>
        </test-method> <!-- clicktradeshow -->
        <test-method status="PASS" signature="startExtent(java.lang.reflect.Method)[pri:0, instance:testhomepage.TestHomePage@337d0578]" name="startExtent" is-config="true" duration-ms="0" started-at="2019-10-05T10:43:08Z" finished-at="2019-10-05T10:43:08Z">
          <params>
            <param index="0">
              <value>
                <![CDATA[public void testhomepage.TestHomePage.clicktradeshow()]]>
              </value>
            </param>
          </params>
          <reporter-output>
          </reporter-output>
        </test-method> <!-- startExtent -->
        <test-method status="PASS" signature="navigate()[pri:0, instance:testhomepage.TestHomePage@337d0578]" name="navigate" is-config="true" duration-ms="1730" started-at="2019-10-05T10:43:08Z" finished-at="2019-10-05T10:43:10Z">
          <reporter-output>
          </reporter-output>
        </test-method> <!-- navigate -->
        <test-method status="PASS" signature="afterEachTestMethod(org.testng.ITestResult)[pri:0, instance:testhomepage.TestHomePage@337d0578]" name="afterEachTestMethod" is-config="true" duration-ms="33" started-at="2019-10-05T10:43:10Z" finished-at="2019-10-05T10:43:10Z">
          <params>
            <param index="0">
              <value>
                <![CDATA[[TestResult name=clicktradeshow status=SUCCESS method=TestHomePage.clicktradeshow()[pri:0, instance:testhomepage.TestHomePage@337d0578] output={null}]]]>
              </value>
            </param>
          </params>
          <reporter-output>
          </reporter-output>
        </test-method> <!-- afterEachTestMethod -->
        <test-method status="PASS" signature="clickvehicles()[pri:0, instance:testhomepage.TestHomePage@337d0578]" name="clickvehicles" duration-ms="193" started-at="2019-10-05T10:43:10Z" finished-at="2019-10-05T10:43:10Z">
          <reporter-output>
          </reporter-output>
        </test-method> <!-- clickvehicles -->
        <test-method status="PASS" signature="startExtent(java.lang.reflect.Method)[pri:0, instance:testhomepage.TestHomePage@337d0578]" name="startExtent" is-config="true" duration-ms="0" started-at="2019-10-05T10:43:10Z" finished-at="2019-10-05T10:43:10Z">
          <params>
            <param index="0">
              <value>
                <![CDATA[public void testhomepage.TestHomePage.clickvehicles()]]>
              </value>
            </param>
          </params>
          <reporter-output>
          </reporter-output>
        </test-method> <!-- startExtent -->
        <test-method status="PASS" signature="navigate()[pri:0, instance:testhomepage.TestHomePage@337d0578]" name="navigate" is-config="true" duration-ms="4180" started-at="2019-10-05T10:43:10Z" finished-at="2019-10-05T10:43:14Z">
          <reporter-output>
          </reporter-output>
        </test-method> <!-- navigate -->
        <test-method status="PASS" signature="afterEachTestMethod(org.testng.ITestResult)[pri:0, instance:testhomepage.TestHomePage@337d0578]" name="afterEachTestMethod" is-config="true" duration-ms="26" started-at="2019-10-05T10:43:14Z" finished-at="2019-10-05T10:43:14Z">
          <params>
            <param index="0">
              <value>
                <![CDATA[[TestResult name=clickvehicles status=SUCCESS method=TestHomePage.clickvehicles()[pri:0, instance:testhomepage.TestHomePage@337d0578] output={null}]]]>
              </value>
            </param>
          </params>
          <reporter-output>
          </reporter-output>
        </test-method> <!-- afterEachTestMethod -->
        <test-method status="PASS" signature="startExtent(java.lang.reflect.Method)[pri:0, instance:testhomepage.TestHomePage@337d0578]" name="startExtent" is-config="true" duration-ms="0" started-at="2019-10-05T10:43:14Z" finished-at="2019-10-05T10:43:14Z">
          <params>
            <param index="0">
              <value>
                <![CDATA[public void testhomepage.TestHomePage.clickvietnum()]]>
              </value>
            </param>
          </params>
          <reporter-output>
          </reporter-output>
        </test-method> <!-- startExtent -->
        <test-method status="PASS" signature="clickvietnum()[pri:0, instance:testhomepage.TestHomePage@337d0578]" name="clickvietnum" duration-ms="8115" started-at="2019-10-05T10:43:14Z" finished-at="2019-10-05T10:43:22Z">
          <reporter-output>
          </reporter-output>
        </test-method> <!-- clickvietnum -->
        <test-method status="PASS" signature="navigate()[pri:0, instance:testhomepage.TestHomePage@337d0578]" name="navigate" is-config="true" duration-ms="3362" started-at="2019-10-05T10:43:22Z" finished-at="2019-10-05T10:43:26Z">
          <reporter-output>
          </reporter-output>
        </test-method> <!-- navigate -->
        <test-method status="PASS" signature="afterEachTestMethod(org.testng.ITestResult)[pri:0, instance:testhomepage.TestHomePage@337d0578]" name="afterEachTestMethod" is-config="true" duration-ms="27" started-at="2019-10-05T10:43:26Z" finished-at="2019-10-05T10:43:26Z">
          <params>
            <param index="0">
              <value>
                <![CDATA[[TestResult name=clickvietnum status=SUCCESS method=TestHomePage.clickvietnum()[pri:0, instance:testhomepage.TestHomePage@337d0578] output={null}]]]>
              </value>
            </param>
          </params>
          <reporter-output>
          </reporter-output>
        </test-method> <!-- afterEachTestMethod -->
        <test-method status="FAIL" signature="searchfor()[pri:0, instance:testhomepage.TestHomePage@337d0578]" name="searchfor" duration-ms="20052" started-at="2019-10-05T10:43:26Z" finished-at="2019-10-05T10:43:46Z">
          <exception class="org.openqa.selenium.NoSuchElementException">
            <message>
              <![CDATA[no such element: Unable to locate element: {"method":"xpath","selector":"//*[@id="J_SC_header"]/header[1]/div[2]/div[2]/div[1]/div[1]/form[1]/div[2]/input[1]"}
  (Session info: chrome=77.0.3865.90)
For documentation on this error, please visit: https://www.seleniumhq.org/exceptions/no_such_element.html
Build info: version: '3.141.59', revision: 'e82be7d358', time: '2018-11-14T08:17:03'
System info: host: 'LAPTOP-5846SF8B', ip: '192.168.138.1', os.name: 'Windows 10', os.arch: 'amd64', os.version: '10.0', java.version: '1.8.0_201'
Driver info: org.openqa.selenium.chrome.ChromeDriver
Capabilities {acceptInsecureCerts: false, browserName: chrome, browserVersion: 77.0.3865.90, chrome: {chromedriverVersion: 77.0.3865.40 (f484704e052e0..., userDataDir: C:\Users\samia\AppData\Loca...}, goog:chromeOptions: {debuggerAddress: localhost:63143}, javascriptEnabled: true, networkConnectionEnabled: false, pageLoadStrategy: normal, platform: XP, platformName: XP, proxy: Proxy(), setWindowRect: true, strictFileInteractability: false, timeouts: {implicit: 0, pageLoad: 300000, script: 30000}, unhandledPromptBehavior: dismiss and notify}
Session ID: ba9c16047e9af720c2fb791b1af901fd
*** Element info: {Using=xpath, value=//*[@id="J_SC_header"]/header[1]/div[2]/div[2]/div[1]/div[1]/form[1]/div[2]/input[1]}]]>
            </message>
            <full-stacktrace>
              <![CDATA[org.openqa.selenium.NoSuchElementException: no such element: Unable to locate element: {"method":"xpath","selector":"//*[@id="J_SC_header"]/header[1]/div[2]/div[2]/div[1]/div[1]/form[1]/div[2]/input[1]"}
  (Session info: chrome=77.0.3865.90)
For documentation on this error, please visit: https://www.seleniumhq.org/exceptions/no_such_element.html
Build info: version: '3.141.59', revision: 'e82be7d358', time: '2018-11-14T08:17:03'
System info: host: 'LAPTOP-5846SF8B', ip: '192.168.138.1', os.name: 'Windows 10', os.arch: 'amd64', os.version: '10.0', java.version: '1.8.0_201'
Driver info: org.openqa.selenium.chrome.ChromeDriver
Capabilities {acceptInsecureCerts: false, browserName: chrome, browserVersion: 77.0.3865.90, chrome: {chromedriverVersion: 77.0.3865.40 (f484704e052e0..., userDataDir: C:\Users\samia\AppData\Loca...}, goog:chromeOptions: {debuggerAddress: localhost:63143}, javascriptEnabled: true, networkConnectionEnabled: false, pageLoadStrategy: normal, platform: XP, platformName: XP, proxy: Proxy(), setWindowRect: true, strictFileInteractability: false, timeouts: {implicit: 0, pageLoad: 300000, script: 30000}, unhandledPromptBehavior: dismiss and notify}
Session ID: ba9c16047e9af720c2fb791b1af901fd
*** Element info: {Using=xpath, value=//*[@id="J_SC_header"]/header[1]/div[2]/div[2]/div[1]/div[1]/form[1]/div[2]/input[1]}
at sun.reflect.NativeConstructorAccessorImpl.newInstance0(Native Method)
at sun.reflect.NativeConstructorAccessorImpl.newInstance(NativeConstructorAccessorImpl.java:62)
at sun.reflect.DelegatingConstructorAccessorImpl.newInstance(DelegatingConstructorAccessorImpl.java:45)
at java.lang.reflect.Constructor.newInstance(Constructor.java:423)
at org.openqa.selenium.remote.http.W3CHttpResponseCodec.createException(W3CHttpResponseCodec.java:187)
at org.openqa.selenium.remote.http.W3CHttpResponseCodec.decode(W3CHttpResponseCodec.java:122)
at org.openqa.selenium.remote.http.W3CHttpResponseCodec.decode(W3CHttpResponseCodec.java:49)
at org.openqa.selenium.remote.HttpCommandExecutor.execute(HttpCommandExecutor.java:158)
at org.openqa.selenium.remote.service.DriverCommandExecutor.execute(DriverCommandExecutor.java:83)
at org.openqa.selenium.remote.RemoteWebDriver.execute(RemoteWebDriver.java:552)
at org.openqa.selenium.remote.RemoteWebDriver.findElement(RemoteWebDriver.java:323)
at org.openqa.selenium.remote.RemoteWebDriver.findElementByXPath(RemoteWebDriver.java:428)
at org.openqa.selenium.By$ByXPath.findElement(By.java:353)
at org.openqa.selenium.remote.RemoteWebDriver.findElement(RemoteWebDriver.java:315)
at org.openqa.selenium.support.pagefactory.DefaultElementLocator.findElement(DefaultElementLocator.java:69)
at org.openqa.selenium.support.pagefactory.internal.LocatingElementHandler.invoke(LocatingElementHandler.java:38)
at com.sun.proxy.$Proxy13.isEnabled(Unknown Source)
at homepage.HomePage.setSearchh(HomePage.java:199)
at testhomepage.TestHomePage.searchfor(TestHomePage.java:109)
at sun.reflect.NativeMethodAccessorImpl.invoke0(Native Method)
at sun.reflect.NativeMethodAccessorImpl.invoke(NativeMethodAccessorImpl.java:62)
at sun.reflect.DelegatingMethodAccessorImpl.invoke(DelegatingMethodAccessorImpl.java:43)
at java.lang.reflect.Method.invoke(Method.java:498)
at org.testng.internal.MethodInvocationHelper.invokeMethod(MethodInvocationHelper.java:124)
at org.testng.internal.Invoker.invokeMethod(Invoker.java:583)
at org.testng.internal.Invoker.invokeTestMethod(Invoker.java:719)
at org.testng.internal.Invoker.invokeTestMethods(Invoker.java:989)
at org.testng.internal.TestMethodWorker.invokeTestMethods(TestMethodWorker.java:125)
at org.testng.internal.TestMethodWorker.run(TestMethodWorker.java:109)
at org.testng.TestRunner.privateRun(TestRunner.java:648)
at org.testng.TestRunner.run(TestRunner.java:505)
at org.testng.SuiteRunner.runTest(SuiteRunner.java:455)
at org.testng.SuiteRunner.runSequentially(SuiteRunner.java:450)
at org.testng.SuiteRunner.privateRun(SuiteRunner.java:415)
at org.testng.SuiteRunner.run(SuiteRunner.java:364)
at org.testng.SuiteRunnerWorker.runSuite(SuiteRunnerWorker.java:52)
at org.testng.SuiteRunnerWorker.run(SuiteRunnerWorker.java:84)
at org.testng.TestNG.runSuitesSequentially(TestNG.java:1208)
at org.testng.TestNG.runSuitesLocally(TestNG.java:1137)
at org.testng.TestNG.runSuites(TestNG.java:1049)
at org.testng.TestNG.run(TestNG.java:1017)
at org.apache.maven.surefire.testng.TestNGExecutor.run(TestNGExecutor.java:283)
at org.apache.maven.surefire.testng.TestNGXmlTestSuite.execute(TestNGXmlTestSuite.java:75)
at org.apache.maven.surefire.testng.TestNGProvider.invoke(TestNGProvider.java:120)
at org.apache.maven.surefire.booter.ForkedBooter.invokeProviderInSameClassLoader(ForkedBooter.java:384)
at org.apache.maven.surefire.booter.ForkedBooter.runSuitesInProcess(ForkedBooter.java:345)
at org.apache.maven.surefire.booter.ForkedBooter.execute(ForkedBooter.java:126)
at org.apache.maven.surefire.booter.ForkedBooter.main(ForkedBooter.java:418)
]]>
            </full-stacktrace>
          </exception> <!-- org.openqa.selenium.NoSuchElementException -->
          <reporter-output>
          </reporter-output>
        </test-method> <!-- searchfor -->
        <test-method status="PASS" signature="startExtent(java.lang.reflect.Method)[pri:0, instance:testhomepage.TestHomePage@337d0578]" name="startExtent" is-config="true" duration-ms="0" started-at="2019-10-05T10:43:26Z" finished-at="2019-10-05T10:43:26Z">
          <params>
            <param index="0">
              <value>
                <![CDATA[public void testhomepage.TestHomePage.searchfor()]]>
              </value>
            </param>
          </params>
          <reporter-output>
          </reporter-output>
        </test-method> <!-- startExtent -->
        <test-method status="PASS" signature="navigate()[pri:0, instance:testhomepage.TestHomePage@337d0578]" name="navigate" is-config="true" duration-ms="3701" started-at="2019-10-05T10:43:46Z" finished-at="2019-10-05T10:43:50Z">
          <reporter-output>
          </reporter-output>
        </test-method> <!-- navigate -->
        <test-method status="PASS" signature="afterEachTestMethod(org.testng.ITestResult)[pri:0, instance:testhomepage.TestHomePage@337d0578]" name="afterEachTestMethod" is-config="true" duration-ms="623" started-at="2019-10-05T10:43:50Z" finished-at="2019-10-05T10:43:50Z">
          <params>
            <param index="0">
              <value>
                <![CDATA[[TestResult name=searchfor status=FAILURE method=TestHomePage.searchfor()[pri:0, instance:testhomepage.TestHomePage@337d0578] output={null}]]]>
              </value>
            </param>
          </params>
          <reporter-output>
          </reporter-output>
        </test-method> <!-- afterEachTestMethod -->
      </class> <!-- testhomepage.TestHomePage -->
      <class name="testfurniturepage.TestFurniturePage">
        <test-method status="PASS" signature="extentSetup(org.testng.ITestContext)[pri:0, instance:testfurniturepage.TestFurniturePage@7ca48474]" name="extentSetup" is-config="true" duration-ms="82" started-at="2019-10-05T10:37:07Z" finished-at="2019-10-05T10:37:07Z">
          <params>
            <param index="0">
              <value>
                <![CDATA[org.testng.TestRunner@304a3655]]>
              </value>
            </param>
          </params>
          <reporter-output>
            <line>
              <![CDATA[Extent Report DirectoryC:\Users\samia\IdeaProjects\FrameWorkMohammedRTea4\AliBaba\target\surefire-reports\html]]>
            </line>
          </reporter-output>
        </test-method> <!-- extentSetup -->
        <test-method status="PASS" signature="setupDriver(java.lang.String, java.lang.String, java.lang.String, boolean, java.lang.String, java.lang.String)[pri:0, instance:testfurniturepage.TestFurniturePage@7ca48474]" name="setupDriver" is-config="true" duration-ms="6386" started-at="2019-10-05T10:37:07Z" finished-at="2019-10-05T10:37:14Z">
          <params>
            <param index="0">
              <value>
                <![CDATA[windows]]>
              </value>
            </param>
            <param index="1">
              <value>
                <![CDATA[https://www.alibaba.com/]]>
              </value>
            </param>
            <param index="2">
              <value>
                <![CDATA[chrome]]>
              </value>
            </param>
            <param index="3">
              <value>
                <![CDATA[false]]>
              </value>
            </param>
            <param index="4">
              <value>
                <![CDATA[77]]>
              </value>
            </param>
            <param index="5">
              <value>
                <![CDATA[browserstack]]>
              </value>
            </param>
          </params>
          <reporter-output>
          </reporter-output>
        </test-method> <!-- setupDriver -->
        <test-method status="PASS" signature="initialize()[pri:0, instance:testfurniturepage.TestFurniturePage@7ca48474]" name="initialize" is-config="true" duration-ms="959" started-at="2019-10-05T10:37:14Z" finished-at="2019-10-05T10:37:15Z">
          <reporter-output>
          </reporter-output>
        </test-method> <!-- initialize -->
        <test-method status="PASS" signature="startExtent(java.lang.reflect.Method)[pri:0, instance:testfurniturepage.TestFurniturePage@7ca48474]" name="startExtent" is-config="true" duration-ms="3" started-at="2019-10-05T10:37:15Z" finished-at="2019-10-05T10:37:15Z">
          <params>
            <param index="0">
              <value>
                <![CDATA[public void testfurniturepage.TestFurniturePage.SetChildrenFurniture()]]>
              </value>
            </param>
          </params>
          <reporter-output>
          </reporter-output>
        </test-method> <!-- startExtent -->
        <test-method status="PASS" signature="SetChildrenFurniture()[pri:0, instance:testfurniturepage.TestFurniturePage@7ca48474]" name="SetChildrenFurniture" duration-ms="418" started-at="2019-10-05T10:37:15Z" finished-at="2019-10-05T10:37:15Z">
          <reporter-output>
            <line>
              <![CDATA[FurniturePage: ]]>
            </line>
          </reporter-output>
        </test-method> <!-- SetChildrenFurniture -->
        <test-method status="PASS" signature="navigate()[pri:0, instance:testfurniturepage.TestFurniturePage@7ca48474]" name="navigate" is-config="true" duration-ms="2122" started-at="2019-10-05T10:37:15Z" finished-at="2019-10-05T10:37:17Z">
          <reporter-output>
          </reporter-output>
        </test-method> <!-- navigate -->
        <test-method status="PASS" signature="afterEachTestMethod(org.testng.ITestResult)[pri:0, instance:testfurniturepage.TestFurniturePage@7ca48474]" name="afterEachTestMethod" is-config="true" duration-ms="230" started-at="2019-10-05T10:37:17Z" finished-at="2019-10-05T10:37:17Z">
          <params>
            <param index="0">
              <value>
                <![CDATA[[TestResult name=SetChildrenFurniture status=SUCCESS method=TestFurniturePage.SetChildrenFurniture()[pri:0, instance:testfurniturepage.TestFurniturePage@7ca48474] output=FurniturePage: ]]]>
              </value>
            </param>
          </params>
          <reporter-output>
          </reporter-output>
        </test-method> <!-- afterEachTestMethod -->
        <test-method status="PASS" signature="startExtent(java.lang.reflect.Method)[pri:0, instance:testfurniturepage.TestFurniturePage@7ca48474]" name="startExtent" is-config="true" duration-ms="1" started-at="2019-10-05T10:37:17Z" finished-at="2019-10-05T10:37:17Z">
          <params>
            <param index="0">
              <value>
                <![CDATA[public void testfurniturepage.TestFurniturePage.setCommercial()]]>
              </value>
            </param>
          </params>
          <reporter-output>
          </reporter-output>
        </test-method> <!-- startExtent -->
        <test-method status="PASS" signature="setCommercial()[pri:0, instance:testfurniturepage.TestFurniturePage@7ca48474]" name="setCommercial" duration-ms="5789" started-at="2019-10-05T10:37:17Z" finished-at="2019-10-05T10:37:23Z">
          <reporter-output>
            <line>
              <![CDATA[FurniturePage: ]]>
            </line>
          </reporter-output>
        </test-method> <!-- setCommercial -->
        <test-method status="PASS" signature="navigate()[pri:0, instance:testfurniturepage.TestFurniturePage@7ca48474]" name="navigate" is-config="true" duration-ms="805" started-at="2019-10-05T10:37:23Z" finished-at="2019-10-05T10:37:24Z">
          <reporter-output>
          </reporter-output>
        </test-method> <!-- navigate -->
        <test-method status="PASS" signature="afterEachTestMethod(org.testng.ITestResult)[pri:0, instance:testfurniturepage.TestFurniturePage@7ca48474]" name="afterEachTestMethod" is-config="true" duration-ms="36" started-at="2019-10-05T10:37:24Z" finished-at="2019-10-05T10:37:24Z">
          <params>
            <param index="0">
              <value>
                <![CDATA[[TestResult name=setCommercial status=SUCCESS method=TestFurniturePage.setCommercial()[pri:0, instance:testfurniturepage.TestFurniturePage@7ca48474] output=FurniturePage: ]]]>
              </value>
            </param>
          </params>
          <reporter-output>
          </reporter-output>
        </test-method> <!-- afterEachTestMethod -->
        <test-method status="PASS" signature="generateReport()[pri:0, instance:testfurniturepage.TestFurniturePage@7ca48474]" name="generateReport" is-config="true" duration-ms="24" started-at="2019-10-05T10:44:21Z" finished-at="2019-10-05T10:44:21Z">
          <reporter-output>
          </reporter-output>
        </test-method> <!-- generateReport -->
      </class> <!-- testfurniturepage.TestFurniturePage -->
    </test> <!-- AliBaba -->
  </suite> <!-- Alibaba -->
</testng-results>
